[Wed, 30 May 2018 10:38:12 +0000] [/wp-admin/admin.php?page=w3tc_general] [https://www.krushdigital.co.uk/wp-admin/admin.php?page=w3tc_general&w3tc_message=5b0e79e6c9745] Minify flush called from
[Wed, 30 May 2018 10:38:12 +0000] [/wp-admin/admin.php?page=w3tc_general] [https://www.krushdigital.co.uk/wp-admin/admin.php?page=w3tc_general&w3tc_message=5b0e79e6c9745] [{"file":"\/home\/krushdig\/public_html\/wp-content\/plugins\/w3-total-cache\/CacheFlush_Locally.php","line":77,"function":"flush","class":"W3TC\\Minify_MinifiedFileRequestHandler","object":{"_config":{},"_error_occurred":false},"type":"-.","args":[]},{"file":"\/home\/krushdig\/public_html\/wp-content\/plugins\/w3-total-cache\/CacheFlush_Locally.php","line":87,"function":"minifycache_flush","class":"W3TC\\CacheFlush_Locally","object":{},"type":"-.","args":[null]},{"function":"minifycache_flush_all","class":"W3TC\\CacheFlush_Locally","object":{},"type":"-.","args":[null]},{"file":"\/home\/krushdig\/public_html\/wp-includes\/class-wp-hook.php","line":286,"function":"call_user_func_array","args":[[{},"minifycache_flush_all"],[null]]},{"file":"\/home\/krushdig\/public_html\/wp-includes\/class-wp-hook.php","line":310,"function":"apply_filters","class":"WP_Hook","object":{"callbacks":{"50":{"000000001266f64e0000000065fa7c3copcache_flush":{"function":[{},"opcache_flush"],"accepted_args":1}},"1000":{"000000001266f64e0000000065fa7c3cminifycache_flush_all":{"function":[{},"minifycache_flush_all"],"accepted_args":1}},"1100":{"000000001266fab50000000065fa7c3cw3tc_flush_posts":{"function":[{},"w3tc_flush_posts"],"accepted_args":1}}}},"type":"-.","args":["",[null]]},{"file":"\/home\/krushdig\/public_html\/wp-includes\/plugin.php","line":453,"function":"do_action","class":"WP_Hook","object":{"callbacks":{"50":{"000000001266f64e0000000065fa7c3copcache_flush":{"function":[{},"opcache_flush"],"accepted_args":1}},"1000":{"000000001266f64e0000000065fa7c3cminifycache_flush_all":{"function":[{},"minifycache_flush_all"],"accepted_args":1}},"1100":{"000000001266fab50000000065fa7c3cw3tc_flush_posts":{"function":[{},"w3tc_flush_posts"],"accepted_args":1}}}},"type":"-.","args":[[null]]},{"file":"\/home\/krushdig\/public_html\/wp-content\/plugins\/w3-total-cache\/CacheFlush_Locally.php","line":207,"function":"do_action","args":["w3tc_flush_all",null]},{"file":"\/home\/krushdig\/public_html\/wp-content\/plugins\/w3-total-cache\/CacheFlush.php","line":158,"function":"flush_all","class":"W3TC\\CacheFlush_Locally","object":{},"type":"-.","args":[null]},{"file":"\/home\/krushdig\/public_html\/wp-content\/plugins\/w3-total-cache\/Generic_AdminActions_Default.php","line":172,"function":"flush_all","class":"W3TC\\CacheFlush","object":{"_executor":{}},"type":"-.","args":[]},{"file":"\/home\/krushdig\/public_html\/wp-content\/plugins\/w3-total-cache\/Root_AdminActions.php","line":25,"function":"w3tc_default_save_and_flush","class":"W3TC\\Generic_AdminActions_Default","object":{},"type":"-.","args":[]},{"file":"\/home\/krushdig\/public_html\/wp-content\/plugins\/w3-total-cache\/Generic_Plugin_Admin.php","line":159,"function":"execute","class":"W3TC\\Root_AdminActions","object":{},"type":"-.","args":["w3tc_default_save_and_flush"]},{"function":"load","class":"W3TC\\Generic_Plugin_Admin","object":{},"type":"-.","args":[""]},{"file":"\/home\/krushdig\/public_html\/wp-includes\/class-wp-hook.php","line":286,"function":"call_user_func_array","args":[[{},"load"],[""]]},{"file":"\/home\/krushdig\/public_html\/wp-includes\/class-wp-hook.php","line":310,"function":"apply_filters","class":"WP_Hook","object":{"callbacks":{"10":{"000000001266faca0000000065fa7c3cload":{"function":[{},"load"],"accepted_args":1}}}},"type":"-.","args":["",[""]]},{"file":"\/home\/krushdig\/public_html\/wp-includes\/plugin.php","line":453,"function":"do_action","class":"WP_Hook","object":{"callbacks":{"10":{"000000001266faca0000000065fa7c3cload":{"function":[{},"load"],"accepted_args":1}}}},"type":"-.","args":[[""]]},{"file":"\/home\/krushdig\/public_html\/wp-admin\/admin.php","line":214,"function":"do_action","args":["load-performance_page_w3tc_general"]}]
[Wed, 30 May 2018 10:38:22 +0000] [/] [-] adding https://www.krushdigital.co.uk/wp-content/themes/thegem/css/thegem-effects-disabled.css
[Wed, 30 May 2018 10:38:22 +0000] [/] [-] is_file_for_minification: true for file wp-content/themes/thegem/css/thegem-effects-disabled.css path /home/krushdig/public_html/wp-content/themes/thegem/css/thegem-effects-disabled.css
[Wed, 30 May 2018 10:38:22 +0000] [/] [-] adding https://www.krushdigital.co.uk/wp-content/themes/thegem/css/thegem-preloader.css
[Wed, 30 May 2018 10:38:22 +0000] [/] [-] is_file_for_minification: true for file wp-content/themes/thegem/css/thegem-preloader.css path /home/krushdig/public_html/wp-content/themes/thegem/css/thegem-preloader.css
[Wed, 30 May 2018 10:38:22 +0000] [/] [-] adding https://www.krushdigital.co.uk/wp-content/themes/thegem/css/thegem-reset.css
[Wed, 30 May 2018 10:38:22 +0000] [/] [-] is_file_for_minification: true for file wp-content/themes/thegem/css/thegem-reset.css path /home/krushdig/public_html/wp-content/themes/thegem/css/thegem-reset.css
[Wed, 30 May 2018 10:38:22 +0000] [/] [-] adding https://www.krushdigital.co.uk/wp-content/themes/thegem/css/thegem-grid.css
[Wed, 30 May 2018 10:38:22 +0000] [/] [-] is_file_for_minification: true for file wp-content/themes/thegem/css/thegem-grid.css path /home/krushdig/public_html/wp-content/themes/thegem/css/thegem-grid.css
[Wed, 30 May 2018 10:38:22 +0000] [/] [-] adding https://www.krushdigital.co.uk/wp-content/themes/thegem/style.css
[Wed, 30 May 2018 10:38:22 +0000] [/] [-] is_file_for_minification: true for file wp-content/themes/thegem/style.css path /home/krushdig/public_html/wp-content/themes/thegem/style.css
[Wed, 30 May 2018 10:38:22 +0000] [/] [-] adding https://www.krushdigital.co.uk/wp-content/themes/thegem-child/style.css
[Wed, 30 May 2018 10:38:22 +0000] [/] [-] is_file_for_minification: true for file wp-content/themes/thegem-child/style.css path /home/krushdig/public_html/wp-content/themes/thegem-child/style.css
[Wed, 30 May 2018 10:38:22 +0000] [/] [-] adding https://www.krushdigital.co.uk/wp-content/themes/thegem/css/thegem-header.css
[Wed, 30 May 2018 10:38:22 +0000] [/] [-] is_file_for_minification: true for file wp-content/themes/thegem/css/thegem-header.css path /home/krushdig/public_html/wp-content/themes/thegem/css/thegem-header.css
[Wed, 30 May 2018 10:38:22 +0000] [/] [-] adding https://www.krushdigital.co.uk/wp-content/themes/thegem/css/thegem-widgets.css
[Wed, 30 May 2018 10:38:22 +0000] [/] [-] is_file_for_minification: true for file wp-content/themes/thegem/css/thegem-widgets.css path /home/krushdig/public_html/wp-content/themes/thegem/css/thegem-widgets.css
[Wed, 30 May 2018 10:38:22 +0000] [/] [-] adding https://www.krushdigital.co.uk/wp-content/themes/thegem/css/thegem-new-css.css
[Wed, 30 May 2018 10:38:22 +0000] [/] [-] is_file_for_minification: true for file wp-content/themes/thegem/css/thegem-new-css.css path /home/krushdig/public_html/wp-content/themes/thegem/css/thegem-new-css.css
[Wed, 30 May 2018 10:38:22 +0000] [/] [-] adding https://www.krushdigital.co.uk/wp-content/themes/thegem/css/thegem-perevazka-css.css
[Wed, 30 May 2018 10:38:22 +0000] [/] [-] is_file_for_minification: true for file wp-content/themes/thegem/css/thegem-perevazka-css.css path /home/krushdig/public_html/wp-content/themes/thegem/css/thegem-perevazka-css.css
[Wed, 30 May 2018 10:38:22 +0000] [/] [-] adding //fonts.googleapis.com/css?family=Montserrat%3A700%2Cregular%7CSource+Sans+Pro%3Aregular%2C300&#038;subset=latin%2Clatin-ext%2Cvietnamese%2Cgreek-ext%2Ccyrillic-ext%2Ccyrillic%2Cgreek&#038;ver=4.9.6
[Wed, 30 May 2018 10:38:22 +0000] [/] [-] is_file_for_minification: external not whitelisted url //fonts.googleapis.com/css?family=Montserrat%3A700%2Cregular%7CSource+Sans+Pro%3Aregular%2C300&#038;subset=latin%2Clatin-ext%2Cvietnamese%2Cgreek-ext%2Ccyrillic-ext%2Ccyrillic%2Cgreek&#038;ver=4.9.6
[Wed, 30 May 2018 10:38:22 +0000] [/] [-] adding https://www.krushdigital.co.uk/wp-content/themes/thegem/css/custom.css
[Wed, 30 May 2018 10:38:22 +0000] [/] [-] is_file_for_minification: true for file wp-content/themes/thegem/css/custom.css path /home/krushdig/public_html/wp-content/themes/thegem/css/custom.css
[Wed, 30 May 2018 10:38:22 +0000] [/] [-] adding https://www.krushdigital.co.uk/wp-content/plugins/js_composer/assets/css/js_composer.min.css
[Wed, 30 May 2018 10:38:22 +0000] [/] [-] is_file_for_minification: true for file wp-content/plugins/js_composer/assets/css/js_composer.min.css path /home/krushdig/public_html/wp-content/plugins/js_composer/assets/css/js_composer.min.css
[Wed, 30 May 2018 10:38:22 +0000] [/] [-] adding https://www.krushdigital.co.uk/wp-content/themes/thegem/css/thegem-additional-blog-1.css
[Wed, 30 May 2018 10:38:22 +0000] [/] [-] is_file_for_minification: true for file wp-content/themes/thegem/css/thegem-additional-blog-1.css path /home/krushdig/public_html/wp-content/themes/thegem/css/thegem-additional-blog-1.css
[Wed, 30 May 2018 10:38:22 +0000] [/] [-] adding https://www.krushdigital.co.uk/wp-content/themes/thegem/css/thegem-hovers.css
[Wed, 30 May 2018 10:38:22 +0000] [/] [-] is_file_for_minification: true for file wp-content/themes/thegem/css/thegem-hovers.css path /home/krushdig/public_html/wp-content/themes/thegem/css/thegem-hovers.css
[Wed, 30 May 2018 10:38:22 +0000] [/] [-] adding https://www.krushdigital.co.uk/wp-content/themes/thegem/css/thegem-lazy-loading-animations.css
[Wed, 30 May 2018 10:38:22 +0000] [/] [-] is_file_for_minification: true for file wp-content/themes/thegem/css/thegem-lazy-loading-animations.css path /home/krushdig/public_html/wp-content/themes/thegem/css/thegem-lazy-loading-animations.css
[Wed, 30 May 2018 10:38:22 +0000] [/] [-] adding https://www.krushdigital.co.uk/wp-content/themes/thegem/js/fancyBox/jquery.fancybox.min.css
[Wed, 30 May 2018 10:38:22 +0000] [/] [-] is_file_for_minification: true for file wp-content/themes/thegem/js/fancyBox/jquery.fancybox.min.css path /home/krushdig/public_html/wp-content/themes/thegem/js/fancyBox/jquery.fancybox.min.css
[Wed, 30 May 2018 10:38:22 +0000] [/] [-] adding https://www.krushdigital.co.uk/wp-content/themes/thegem/css/thegem-vc_elements.css
[Wed, 30 May 2018 10:38:22 +0000] [/] [-] is_file_for_minification: true for file wp-content/themes/thegem/css/thegem-vc_elements.css path /home/krushdig/public_html/wp-content/themes/thegem/css/thegem-vc_elements.css
[Wed, 30 May 2018 10:38:22 +0000] [/] [-] adding https://www.krushdigital.co.uk/wp-content/plugins/contact-form-7/includes/css/styles.css
[Wed, 30 May 2018 10:38:22 +0000] [/] [-] is_file_for_minification: true for file wp-content/plugins/contact-form-7/includes/css/styles.css path /home/krushdig/public_html/wp-content/plugins/contact-form-7/includes/css/styles.css
[Wed, 30 May 2018 10:38:22 +0000] [/] [-] adding https://www.krushdigital.co.uk/wp-content/plugins/revslider/public/assets/css/settings.css
[Wed, 30 May 2018 10:38:22 +0000] [/] [-] is_file_for_minification: true for file wp-content/plugins/revslider/public/assets/css/settings.css path /home/krushdig/public_html/wp-content/plugins/revslider/public/assets/css/settings.css
[Wed, 30 May 2018 10:38:22 +0000] [/] [-] adding https://www.krushdigital.co.uk/wp-content/themes/thegem/style.css
[Wed, 30 May 2018 10:38:22 +0000] [/] [-] is_file_for_minification: true for file wp-content/themes/thegem/style.css path /home/krushdig/public_html/wp-content/themes/thegem/style.css
[Wed, 30 May 2018 10:38:22 +0000] [/] [-] adding https://www.krushdigital.co.uk/wp-content/themes/thegem/css/thegem-js_composer_columns.css
[Wed, 30 May 2018 10:38:22 +0000] [/] [-] is_file_for_minification: true for file wp-content/themes/thegem/css/thegem-js_composer_columns.css path /home/krushdig/public_html/wp-content/themes/thegem/css/thegem-js_composer_columns.css
[Wed, 30 May 2018 10:38:22 +0000] [/] [-] adding //www.krushdigital.co.uk/wp-content/uploads/pum/pum-site-styles.css?generated=1526708237&#038;ver=1.7.19
[Wed, 30 May 2018 10:38:22 +0000] [/] [-] is_file_for_minification: true for file wp-content/uploads/pum/pum-site-styles.css path /home/krushdig/public_html/wp-content/uploads/pum/pum-site-styles.css
[Wed, 30 May 2018 10:38:22 +0000] [/] [-] adding https://fonts.googleapis.com/css?family=Open+Sans:600%2C400%7CRoboto:500
[Wed, 30 May 2018 10:38:22 +0000] [/] [-] is_file_for_minification: external not whitelisted url https://fonts.googleapis.com/css?family=Open+Sans:600%2C400%7CRoboto:500
[Wed, 30 May 2018 10:38:22 +0000] [/] [-] adding https://fonts.googleapis.com/css?family=Open+Sans:600%2C400%7CRoboto:500
[Wed, 30 May 2018 10:38:22 +0000] [/] [-] is_file_for_minification: external not whitelisted url https://fonts.googleapis.com/css?family=Open+Sans:600%2C400%7CRoboto:500
[Wed, 30 May 2018 10:38:22 +0000] [/] [-] adding https://fonts.googleapis.com/css?family=Open+Sans:600%2C400%7CRoboto:500
[Wed, 30 May 2018 10:38:22 +0000] [/] [-] is_file_for_minification: external not whitelisted url https://fonts.googleapis.com/css?family=Open+Sans:600%2C400%7CRoboto:500
[Wed, 30 May 2018 10:38:22 +0000] [/] [-] adding https://www.krushdigital.co.uk/wp-content/plugins/js_composer/assets/lib/bower/animate-css/animate.min.css
[Wed, 30 May 2018 10:38:22 +0000] [/] [-] is_file_for_minification: true for file wp-content/plugins/js_composer/assets/lib/bower/animate-css/animate.min.css path /home/krushdig/public_html/wp-content/plugins/js_composer/assets/lib/bower/animate-css/animate.min.css
[Wed, 30 May 2018 10:38:22 +0000] [/] [-] adding //fonts.googleapis.com/css?family=Abril+Fatface%3Aregular&#038;ver=4.9.6
[Wed, 30 May 2018 10:38:22 +0000] [/] [-] is_file_for_minification: external not whitelisted url //fonts.googleapis.com/css?family=Abril+Fatface%3Aregular&#038;ver=4.9.6
[Wed, 30 May 2018 10:38:22 +0000] [/] [-] adding //fonts.googleapis.com/css?family=Montserrat%3Aregular%2C700&#038;ver=4.9.6
[Wed, 30 May 2018 10:38:22 +0000] [/] [-] is_file_for_minification: external not whitelisted url //fonts.googleapis.com/css?family=Montserrat%3Aregular%2C700&#038;ver=4.9.6
[Wed, 30 May 2018 10:38:22 +0000] [/] [-] adding https://www.krushdigital.co.uk/wp-content/themes/thegem/css/thegem-effects-disabled.css
[Wed, 30 May 2018 10:38:22 +0000] [/] [-] is_file_for_minification: true for file wp-content/themes/thegem/css/thegem-effects-disabled.css path /home/krushdig/public_html/wp-content/themes/thegem/css/thegem-effects-disabled.css
[Wed, 30 May 2018 10:38:22 +0000] [/] [-] adding https://www.krushdigital.co.uk/wp-content/themes/thegem/css/thegem-preloader.css
[Wed, 30 May 2018 10:38:22 +0000] [/] [-] is_file_for_minification: true for file wp-content/themes/thegem/css/thegem-preloader.css path /home/krushdig/public_html/wp-content/themes/thegem/css/thegem-preloader.css
[Wed, 30 May 2018 10:38:22 +0000] [/] [-] adding https://www.krushdigital.co.uk/wp-content/themes/thegem/css/thegem-reset.css
[Wed, 30 May 2018 10:38:22 +0000] [/] [-] is_file_for_minification: true for file wp-content/themes/thegem/css/thegem-reset.css path /home/krushdig/public_html/wp-content/themes/thegem/css/thegem-reset.css
[Wed, 30 May 2018 10:38:22 +0000] [/] [-] adding https://www.krushdigital.co.uk/wp-content/themes/thegem/css/thegem-grid.css
[Wed, 30 May 2018 10:38:22 +0000] [/] [-] is_file_for_minification: true for file wp-content/themes/thegem/css/thegem-grid.css path /home/krushdig/public_html/wp-content/themes/thegem/css/thegem-grid.css
[Wed, 30 May 2018 10:38:22 +0000] [/] [-] adding https://www.krushdigital.co.uk/wp-content/themes/thegem/style.css
[Wed, 30 May 2018 10:38:22 +0000] [/] [-] is_file_for_minification: true for file wp-content/themes/thegem/style.css path /home/krushdig/public_html/wp-content/themes/thegem/style.css
[Wed, 30 May 2018 10:38:22 +0000] [/] [-] adding https://www.krushdigital.co.uk/wp-content/themes/thegem-child/style.css
[Wed, 30 May 2018 10:38:22 +0000] [/] [-] is_file_for_minification: true for file wp-content/themes/thegem-child/style.css path /home/krushdig/public_html/wp-content/themes/thegem-child/style.css
[Wed, 30 May 2018 10:38:22 +0000] [/] [-] adding https://www.krushdigital.co.uk/wp-content/themes/thegem/css/thegem-header.css
[Wed, 30 May 2018 10:38:22 +0000] [/] [-] is_file_for_minification: true for file wp-content/themes/thegem/css/thegem-header.css path /home/krushdig/public_html/wp-content/themes/thegem/css/thegem-header.css
[Wed, 30 May 2018 10:38:22 +0000] [/] [-] adding https://www.krushdigital.co.uk/wp-content/themes/thegem/css/thegem-widgets.css
[Wed, 30 May 2018 10:38:22 +0000] [/] [-] is_file_for_minification: true for file wp-content/themes/thegem/css/thegem-widgets.css path /home/krushdig/public_html/wp-content/themes/thegem/css/thegem-widgets.css
[Wed, 30 May 2018 10:38:22 +0000] [/] [-] adding https://www.krushdigital.co.uk/wp-content/themes/thegem/css/thegem-new-css.css
[Wed, 30 May 2018 10:38:22 +0000] [/] [-] is_file_for_minification: true for file wp-content/themes/thegem/css/thegem-new-css.css path /home/krushdig/public_html/wp-content/themes/thegem/css/thegem-new-css.css
[Wed, 30 May 2018 10:38:22 +0000] [/] [-] adding https://www.krushdigital.co.uk/wp-content/themes/thegem/css/thegem-perevazka-css.css
[Wed, 30 May 2018 10:38:22 +0000] [/] [-] is_file_for_minification: true for file wp-content/themes/thegem/css/thegem-perevazka-css.css path /home/krushdig/public_html/wp-content/themes/thegem/css/thegem-perevazka-css.css
[Wed, 30 May 2018 10:38:22 +0000] [/] [-] adding //fonts.googleapis.com/css?family=Montserrat%3A700%2Cregular%7CSource+Sans+Pro%3Aregular%2C300&#038;subset=latin%2Clatin-ext%2Cvietnamese%2Cgreek-ext%2Ccyrillic-ext%2Ccyrillic%2Cgreek&#038;ver=4.9.6
[Wed, 30 May 2018 10:38:22 +0000] [/] [-] is_file_for_minification: external not whitelisted url //fonts.googleapis.com/css?family=Montserrat%3A700%2Cregular%7CSource+Sans+Pro%3Aregular%2C300&#038;subset=latin%2Clatin-ext%2Cvietnamese%2Cgreek-ext%2Ccyrillic-ext%2Ccyrillic%2Cgreek&#038;ver=4.9.6
[Wed, 30 May 2018 10:38:22 +0000] [/] [-] adding https://www.krushdigital.co.uk/wp-content/themes/thegem/css/custom.css
[Wed, 30 May 2018 10:38:22 +0000] [/] [-] is_file_for_minification: true for file wp-content/themes/thegem/css/custom.css path /home/krushdig/public_html/wp-content/themes/thegem/css/custom.css
[Wed, 30 May 2018 10:38:22 +0000] [/] [-] adding https://www.krushdigital.co.uk/wp-content/plugins/js_composer/assets/css/js_composer.min.css
[Wed, 30 May 2018 10:38:22 +0000] [/] [-] is_file_for_minification: true for file wp-content/plugins/js_composer/assets/css/js_composer.min.css path /home/krushdig/public_html/wp-content/plugins/js_composer/assets/css/js_composer.min.css
[Wed, 30 May 2018 10:38:22 +0000] [/] [-] adding https://www.krushdigital.co.uk/wp-content/themes/thegem/css/thegem-additional-blog-1.css
[Wed, 30 May 2018 10:38:22 +0000] [/] [-] is_file_for_minification: true for file wp-content/themes/thegem/css/thegem-additional-blog-1.css path /home/krushdig/public_html/wp-content/themes/thegem/css/thegem-additional-blog-1.css
[Wed, 30 May 2018 10:38:22 +0000] [/] [-] adding https://www.krushdigital.co.uk/wp-content/themes/thegem/css/thegem-hovers.css
[Wed, 30 May 2018 10:38:22 +0000] [/] [-] is_file_for_minification: true for file wp-content/themes/thegem/css/thegem-hovers.css path /home/krushdig/public_html/wp-content/themes/thegem/css/thegem-hovers.css
[Wed, 30 May 2018 10:38:22 +0000] [/] [-] adding https://www.krushdigital.co.uk/wp-content/themes/thegem/css/thegem-lazy-loading-animations.css
[Wed, 30 May 2018 10:38:22 +0000] [/] [-] is_file_for_minification: true for file wp-content/themes/thegem/css/thegem-lazy-loading-animations.css path /home/krushdig/public_html/wp-content/themes/thegem/css/thegem-lazy-loading-animations.css
[Wed, 30 May 2018 10:38:22 +0000] [/] [-] adding https://www.krushdigital.co.uk/wp-content/themes/thegem/js/fancyBox/jquery.fancybox.min.css
[Wed, 30 May 2018 10:38:22 +0000] [/] [-] is_file_for_minification: true for file wp-content/themes/thegem/js/fancyBox/jquery.fancybox.min.css path /home/krushdig/public_html/wp-content/themes/thegem/js/fancyBox/jquery.fancybox.min.css
[Wed, 30 May 2018 10:38:22 +0000] [/] [-] adding https://www.krushdigital.co.uk/wp-content/themes/thegem/css/thegem-vc_elements.css
[Wed, 30 May 2018 10:38:22 +0000] [/] [-] is_file_for_minification: true for file wp-content/themes/thegem/css/thegem-vc_elements.css path /home/krushdig/public_html/wp-content/themes/thegem/css/thegem-vc_elements.css
[Wed, 30 May 2018 10:38:22 +0000] [/] [-] adding https://www.krushdigital.co.uk/wp-content/plugins/contact-form-7/includes/css/styles.css
[Wed, 30 May 2018 10:38:22 +0000] [/] [-] is_file_for_minification: true for file wp-content/plugins/contact-form-7/includes/css/styles.css path /home/krushdig/public_html/wp-content/plugins/contact-form-7/includes/css/styles.css
[Wed, 30 May 2018 10:38:22 +0000] [/] [-] adding https://www.krushdigital.co.uk/wp-content/plugins/revslider/public/assets/css/settings.css
[Wed, 30 May 2018 10:38:22 +0000] [/] [-] is_file_for_minification: true for file wp-content/plugins/revslider/public/assets/css/settings.css path /home/krushdig/public_html/wp-content/plugins/revslider/public/assets/css/settings.css
[Wed, 30 May 2018 10:38:22 +0000] [/] [-] adding https://www.krushdigital.co.uk/wp-content/themes/thegem/style.css
[Wed, 30 May 2018 10:38:22 +0000] [/] [-] is_file_for_minification: true for file wp-content/themes/thegem/style.css path /home/krushdig/public_html/wp-content/themes/thegem/style.css
[Wed, 30 May 2018 10:38:22 +0000] [/] [-] adding https://www.krushdigital.co.uk/wp-content/themes/thegem/css/thegem-js_composer_columns.css
[Wed, 30 May 2018 10:38:22 +0000] [/] [-] is_file_for_minification: true for file wp-content/themes/thegem/css/thegem-js_composer_columns.css path /home/krushdig/public_html/wp-content/themes/thegem/css/thegem-js_composer_columns.css
[Wed, 30 May 2018 10:38:22 +0000] [/] [-] adding //www.krushdigital.co.uk/wp-content/uploads/pum/pum-site-styles.css?generated=1526708237&#038;ver=1.7.19
[Wed, 30 May 2018 10:38:22 +0000] [/] [-] is_file_for_minification: true for file wp-content/uploads/pum/pum-site-styles.css path /home/krushdig/public_html/wp-content/uploads/pum/pum-site-styles.css
[Wed, 30 May 2018 10:38:22 +0000] [/] [-] adding https://fonts.googleapis.com/css?family=Open+Sans:600%2C400%7CRoboto:500
[Wed, 30 May 2018 10:38:22 +0000] [/] [-] is_file_for_minification: external not whitelisted url https://fonts.googleapis.com/css?family=Open+Sans:600%2C400%7CRoboto:500
[Wed, 30 May 2018 10:38:22 +0000] [/] [-] adding https://fonts.googleapis.com/css?family=Open+Sans:600%2C400%7CRoboto:500
[Wed, 30 May 2018 10:38:22 +0000] [/] [-] is_file_for_minification: external not whitelisted url https://fonts.googleapis.com/css?family=Open+Sans:600%2C400%7CRoboto:500
[Wed, 30 May 2018 10:38:22 +0000] [/] [-] adding https://fonts.googleapis.com/css?family=Open+Sans:600%2C400%7CRoboto:500
[Wed, 30 May 2018 10:38:22 +0000] [/] [-] is_file_for_minification: external not whitelisted url https://fonts.googleapis.com/css?family=Open+Sans:600%2C400%7CRoboto:500
[Wed, 30 May 2018 10:38:22 +0000] [/] [-] adding https://www.krushdigital.co.uk/wp-content/plugins/js_composer/assets/lib/bower/animate-css/animate.min.css
[Wed, 30 May 2018 10:38:22 +0000] [/] [-] is_file_for_minification: true for file wp-content/plugins/js_composer/assets/lib/bower/animate-css/animate.min.css path /home/krushdig/public_html/wp-content/plugins/js_composer/assets/lib/bower/animate-css/animate.min.css
[Wed, 30 May 2018 10:38:22 +0000] [/] [-] adding //fonts.googleapis.com/css?family=Abril+Fatface%3Aregular&#038;ver=4.9.6
[Wed, 30 May 2018 10:38:22 +0000] [/] [-] is_file_for_minification: external not whitelisted url //fonts.googleapis.com/css?family=Abril+Fatface%3Aregular&#038;ver=4.9.6
[Wed, 30 May 2018 10:38:22 +0000] [/] [-] adding //fonts.googleapis.com/css?family=Montserrat%3Aregular%2C700&#038;ver=4.9.6
[Wed, 30 May 2018 10:38:22 +0000] [/] [-] is_file_for_minification: external not whitelisted url //fonts.googleapis.com/css?family=Montserrat%3Aregular%2C700&#038;ver=4.9.6
[Wed, 30 May 2018 10:38:28 +0000] [/wp-content/themes/thegem-child/RoundedElegance-Regular/%E2%80%8Brounded_elegance-webfont.woff2] [https://www.krushdigital.co.uk/] adding https://www.krushdigital.co.uk/wp-content/themes/thegem/css/thegem-preloader.css
[Wed, 30 May 2018 10:38:28 +0000] [/wp-content/themes/thegem-child/RoundedElegance-Regular/%E2%80%8Brounded_elegance-webfont.woff2] [https://www.krushdigital.co.uk/] is_file_for_minification: true for file wp-content/themes/thegem/css/thegem-preloader.css path /home/krushdig/public_html/wp-content/themes/thegem/css/thegem-preloader.css
[Wed, 30 May 2018 10:38:28 +0000] [/wp-content/themes/thegem-child/RoundedElegance-Regular/%E2%80%8Brounded_elegance-webfont.woff2] [https://www.krushdigital.co.uk/] adding https://www.krushdigital.co.uk/wp-content/themes/thegem/css/thegem-reset.css
[Wed, 30 May 2018 10:38:28 +0000] [/wp-content/themes/thegem-child/RoundedElegance-Regular/%E2%80%8Brounded_elegance-webfont.woff2] [https://www.krushdigital.co.uk/] is_file_for_minification: true for file wp-content/themes/thegem/css/thegem-reset.css path /home/krushdig/public_html/wp-content/themes/thegem/css/thegem-reset.css
[Wed, 30 May 2018 10:38:28 +0000] [/wp-content/themes/thegem-child/RoundedElegance-Regular/%E2%80%8Brounded_elegance-webfont.woff2] [https://www.krushdigital.co.uk/] adding https://www.krushdigital.co.uk/wp-content/themes/thegem/css/thegem-grid.css
[Wed, 30 May 2018 10:38:28 +0000] [/wp-content/themes/thegem-child/RoundedElegance-Regular/%E2%80%8Brounded_elegance-webfont.woff2] [https://www.krushdigital.co.uk/] is_file_for_minification: true for file wp-content/themes/thegem/css/thegem-grid.css path /home/krushdig/public_html/wp-content/themes/thegem/css/thegem-grid.css
[Wed, 30 May 2018 10:38:28 +0000] [/wp-content/themes/thegem-child/RoundedElegance-Regular/%E2%80%8Brounded_elegance-webfont.woff2] [https://www.krushdigital.co.uk/] adding https://www.krushdigital.co.uk/wp-content/themes/thegem/style.css
[Wed, 30 May 2018 10:38:28 +0000] [/wp-content/themes/thegem-child/RoundedElegance-Regular/%E2%80%8Brounded_elegance-webfont.woff2] [https://www.krushdigital.co.uk/] is_file_for_minification: true for file wp-content/themes/thegem/style.css path /home/krushdig/public_html/wp-content/themes/thegem/style.css
[Wed, 30 May 2018 10:38:28 +0000] [/wp-content/themes/thegem-child/RoundedElegance-Regular/%E2%80%8Brounded_elegance-webfont.woff2] [https://www.krushdigital.co.uk/] adding https://www.krushdigital.co.uk/wp-content/themes/thegem-child/style.css
[Wed, 30 May 2018 10:38:28 +0000] [/wp-content/themes/thegem-child/RoundedElegance-Regular/%E2%80%8Brounded_elegance-webfont.woff2] [https://www.krushdigital.co.uk/] is_file_for_minification: true for file wp-content/themes/thegem-child/style.css path /home/krushdig/public_html/wp-content/themes/thegem-child/style.css
[Wed, 30 May 2018 10:38:28 +0000] [/wp-content/themes/thegem-child/RoundedElegance-Regular/%E2%80%8Brounded_elegance-webfont.woff2] [https://www.krushdigital.co.uk/] adding https://www.krushdigital.co.uk/wp-content/themes/thegem/css/thegem-header.css
[Wed, 30 May 2018 10:38:28 +0000] [/wp-content/themes/thegem-child/RoundedElegance-Regular/%E2%80%8Brounded_elegance-webfont.woff2] [https://www.krushdigital.co.uk/] is_file_for_minification: true for file wp-content/themes/thegem/css/thegem-header.css path /home/krushdig/public_html/wp-content/themes/thegem/css/thegem-header.css
[Wed, 30 May 2018 10:38:28 +0000] [/wp-content/themes/thegem-child/RoundedElegance-Regular/%E2%80%8Brounded_elegance-webfont.woff2] [https://www.krushdigital.co.uk/] adding https://www.krushdigital.co.uk/wp-content/themes/thegem/css/thegem-widgets.css
[Wed, 30 May 2018 10:38:28 +0000] [/wp-content/themes/thegem-child/RoundedElegance-Regular/%E2%80%8Brounded_elegance-webfont.woff2] [https://www.krushdigital.co.uk/] is_file_for_minification: true for file wp-content/themes/thegem/css/thegem-widgets.css path /home/krushdig/public_html/wp-content/themes/thegem/css/thegem-widgets.css
[Wed, 30 May 2018 10:38:28 +0000] [/wp-content/themes/thegem-child/RoundedElegance-Regular/%E2%80%8Brounded_elegance-webfont.woff2] [https://www.krushdigital.co.uk/] adding https://www.krushdigital.co.uk/wp-content/themes/thegem/css/thegem-new-css.css
[Wed, 30 May 2018 10:38:28 +0000] [/wp-content/themes/thegem-child/RoundedElegance-Regular/%E2%80%8Brounded_elegance-webfont.woff2] [https://www.krushdigital.co.uk/] is_file_for_minification: true for file wp-content/themes/thegem/css/thegem-new-css.css path /home/krushdig/public_html/wp-content/themes/thegem/css/thegem-new-css.css
[Wed, 30 May 2018 10:38:28 +0000] [/wp-content/themes/thegem-child/RoundedElegance-Regular/%E2%80%8Brounded_elegance-webfont.woff2] [https://www.krushdigital.co.uk/] adding https://www.krushdigital.co.uk/wp-content/themes/thegem/css/thegem-perevazka-css.css
[Wed, 30 May 2018 10:38:28 +0000] [/wp-content/themes/thegem-child/RoundedElegance-Regular/%E2%80%8Brounded_elegance-webfont.woff2] [https://www.krushdigital.co.uk/] is_file_for_minification: true for file wp-content/themes/thegem/css/thegem-perevazka-css.css path /home/krushdig/public_html/wp-content/themes/thegem/css/thegem-perevazka-css.css
[Wed, 30 May 2018 10:38:28 +0000] [/wp-content/themes/thegem-child/RoundedElegance-Regular/%E2%80%8Brounded_elegance-webfont.woff2] [https://www.krushdigital.co.uk/] adding //fonts.googleapis.com/css?family=Montserrat%3A700%2Cregular%7CSource+Sans+Pro%3Aregular%2C300&#038;subset=latin%2Clatin-ext%2Cvietnamese%2Cgreek-ext%2Ccyrillic-ext%2Ccyrillic%2Cgreek&#038;ver=4.9.6
[Wed, 30 May 2018 10:38:28 +0000] [/wp-content/themes/thegem-child/RoundedElegance-Regular/%E2%80%8Brounded_elegance-webfont.woff2] [https://www.krushdigital.co.uk/] is_file_for_minification: external not whitelisted url //fonts.googleapis.com/css?family=Montserrat%3A700%2Cregular%7CSource+Sans+Pro%3Aregular%2C300&#038;subset=latin%2Clatin-ext%2Cvietnamese%2Cgreek-ext%2Ccyrillic-ext%2Ccyrillic%2Cgreek&#038;ver=4.9.6
[Wed, 30 May 2018 10:38:28 +0000] [/wp-content/themes/thegem-child/RoundedElegance-Regular/%E2%80%8Brounded_elegance-webfont.woff2] [https://www.krushdigital.co.uk/] adding https://www.krushdigital.co.uk/wp-content/themes/thegem/css/custom.css
[Wed, 30 May 2018 10:38:28 +0000] [/wp-content/themes/thegem-child/RoundedElegance-Regular/%E2%80%8Brounded_elegance-webfont.woff2] [https://www.krushdigital.co.uk/] is_file_for_minification: true for file wp-content/themes/thegem/css/custom.css path /home/krushdig/public_html/wp-content/themes/thegem/css/custom.css
[Wed, 30 May 2018 10:38:28 +0000] [/wp-content/themes/thegem-child/RoundedElegance-Regular/%E2%80%8Brounded_elegance-webfont.woff2] [https://www.krushdigital.co.uk/] adding https://www.krushdigital.co.uk/wp-content/plugins/js_composer/assets/css/js_composer.min.css
[Wed, 30 May 2018 10:38:28 +0000] [/wp-content/themes/thegem-child/RoundedElegance-Regular/%E2%80%8Brounded_elegance-webfont.woff2] [https://www.krushdigital.co.uk/] is_file_for_minification: true for file wp-content/plugins/js_composer/assets/css/js_composer.min.css path /home/krushdig/public_html/wp-content/plugins/js_composer/assets/css/js_composer.min.css
[Wed, 30 May 2018 10:38:28 +0000] [/wp-content/themes/thegem-child/RoundedElegance-Regular/%E2%80%8Brounded_elegance-webfont.woff2] [https://www.krushdigital.co.uk/] adding https://www.krushdigital.co.uk/wp-content/themes/thegem/css/thegem-additional-blog-1.css
[Wed, 30 May 2018 10:38:28 +0000] [/wp-content/themes/thegem-child/RoundedElegance-Regular/%E2%80%8Brounded_elegance-webfont.woff2] [https://www.krushdigital.co.uk/] is_file_for_minification: true for file wp-content/themes/thegem/css/thegem-additional-blog-1.css path /home/krushdig/public_html/wp-content/themes/thegem/css/thegem-additional-blog-1.css
[Wed, 30 May 2018 10:38:28 +0000] [/wp-content/themes/thegem-child/RoundedElegance-Regular/%E2%80%8Brounded_elegance-webfont.woff2] [https://www.krushdigital.co.uk/] adding https://www.krushdigital.co.uk/wp-content/themes/thegem/css/thegem-hovers.css
[Wed, 30 May 2018 10:38:28 +0000] [/wp-content/themes/thegem-child/RoundedElegance-Regular/%E2%80%8Brounded_elegance-webfont.woff2] [https://www.krushdigital.co.uk/] is_file_for_minification: true for file wp-content/themes/thegem/css/thegem-hovers.css path /home/krushdig/public_html/wp-content/themes/thegem/css/thegem-hovers.css
[Wed, 30 May 2018 10:38:28 +0000] [/wp-content/themes/thegem-child/RoundedElegance-Regular/%E2%80%8Brounded_elegance-webfont.woff2] [https://www.krushdigital.co.uk/] adding https://www.krushdigital.co.uk/wp-content/themes/thegem/css/thegem-lazy-loading-animations.css
[Wed, 30 May 2018 10:38:28 +0000] [/wp-content/themes/thegem-child/RoundedElegance-Regular/%E2%80%8Brounded_elegance-webfont.woff2] [https://www.krushdigital.co.uk/] is_file_for_minification: true for file wp-content/themes/thegem/css/thegem-lazy-loading-animations.css path /home/krushdig/public_html/wp-content/themes/thegem/css/thegem-lazy-loading-animations.css
[Wed, 30 May 2018 10:38:28 +0000] [/wp-content/themes/thegem-child/RoundedElegance-Regular/%E2%80%8Brounded_elegance-webfont.woff2] [https://www.krushdigital.co.uk/] adding https://www.krushdigital.co.uk/wp-content/themes/thegem/js/fancyBox/jquery.fancybox.min.css
[Wed, 30 May 2018 10:38:28 +0000] [/wp-content/themes/thegem-child/RoundedElegance-Regular/%E2%80%8Brounded_elegance-webfont.woff2] [https://www.krushdigital.co.uk/] is_file_for_minification: true for file wp-content/themes/thegem/js/fancyBox/jquery.fancybox.min.css path /home/krushdig/public_html/wp-content/themes/thegem/js/fancyBox/jquery.fancybox.min.css
[Wed, 30 May 2018 10:38:28 +0000] [/wp-content/themes/thegem-child/RoundedElegance-Regular/%E2%80%8Brounded_elegance-webfont.woff2] [https://www.krushdigital.co.uk/] adding https://www.krushdigital.co.uk/wp-content/themes/thegem/css/thegem-vc_elements.css
[Wed, 30 May 2018 10:38:28 +0000] [/wp-content/themes/thegem-child/RoundedElegance-Regular/%E2%80%8Brounded_elegance-webfont.woff2] [https://www.krushdigital.co.uk/] is_file_for_minification: true for file wp-content/themes/thegem/css/thegem-vc_elements.css path /home/krushdig/public_html/wp-content/themes/thegem/css/thegem-vc_elements.css
[Wed, 30 May 2018 10:38:28 +0000] [/wp-content/themes/thegem-child/RoundedElegance-Regular/%E2%80%8Brounded_elegance-webfont.woff2] [https://www.krushdigital.co.uk/] adding https://www.krushdigital.co.uk/wp-content/plugins/contact-form-7/includes/css/styles.css
[Wed, 30 May 2018 10:38:28 +0000] [/wp-content/themes/thegem-child/RoundedElegance-Regular/%E2%80%8Brounded_elegance-webfont.woff2] [https://www.krushdigital.co.uk/] is_file_for_minification: true for file wp-content/plugins/contact-form-7/includes/css/styles.css path /home/krushdig/public_html/wp-content/plugins/contact-form-7/includes/css/styles.css
[Wed, 30 May 2018 10:38:28 +0000] [/wp-content/themes/thegem-child/RoundedElegance-Regular/%E2%80%8Brounded_elegance-webfont.woff2] [https://www.krushdigital.co.uk/] adding https://www.krushdigital.co.uk/wp-content/plugins/revslider/public/assets/css/settings.css
[Wed, 30 May 2018 10:38:28 +0000] [/wp-content/themes/thegem-child/RoundedElegance-Regular/%E2%80%8Brounded_elegance-webfont.woff2] [https://www.krushdigital.co.uk/] is_file_for_minification: true for file wp-content/plugins/revslider/public/assets/css/settings.css path /home/krushdig/public_html/wp-content/plugins/revslider/public/assets/css/settings.css
[Wed, 30 May 2018 10:38:28 +0000] [/wp-content/themes/thegem-child/RoundedElegance-Regular/%E2%80%8Brounded_elegance-webfont.woff2] [https://www.krushdigital.co.uk/] adding https://www.krushdigital.co.uk/wp-content/themes/thegem/style.css
[Wed, 30 May 2018 10:38:28 +0000] [/wp-content/themes/thegem-child/RoundedElegance-Regular/%E2%80%8Brounded_elegance-webfont.woff2] [https://www.krushdigital.co.uk/] is_file_for_minification: true for file wp-content/themes/thegem/style.css path /home/krushdig/public_html/wp-content/themes/thegem/style.css
[Wed, 30 May 2018 10:38:28 +0000] [/wp-content/themes/thegem-child/RoundedElegance-Regular/%E2%80%8Brounded_elegance-webfont.woff2] [https://www.krushdigital.co.uk/] adding //www.krushdigital.co.uk/wp-content/uploads/pum/pum-site-styles.css?generated=1526708237&#038;ver=1.7.19
[Wed, 30 May 2018 10:38:28 +0000] [/wp-content/themes/thegem-child/RoundedElegance-Regular/%E2%80%8Brounded_elegance-webfont.woff2] [https://www.krushdigital.co.uk/] is_file_for_minification: true for file wp-content/uploads/pum/pum-site-styles.css path /home/krushdig/public_html/wp-content/uploads/pum/pum-site-styles.css
[Wed, 30 May 2018 10:38:29 +0000] [/wp-content/themes/thegem-child/RoundedElegance-Regular/%E2%80%8Brounded_elegance-webfont.woff2] [https://www.krushdigital.co.uk/] adding https://www.krushdigital.co.uk/wp-content/themes/thegem/css/thegem-preloader.css
[Wed, 30 May 2018 10:38:29 +0000] [/wp-content/themes/thegem-child/RoundedElegance-Regular/%E2%80%8Brounded_elegance-webfont.woff2] [https://www.krushdigital.co.uk/] is_file_for_minification: true for file wp-content/themes/thegem/css/thegem-preloader.css path /home/krushdig/public_html/wp-content/themes/thegem/css/thegem-preloader.css
[Wed, 30 May 2018 10:38:29 +0000] [/wp-content/themes/thegem-child/RoundedElegance-Regular/%E2%80%8Brounded_elegance-webfont.woff2] [https://www.krushdigital.co.uk/] adding https://www.krushdigital.co.uk/wp-content/themes/thegem/css/thegem-reset.css
[Wed, 30 May 2018 10:38:29 +0000] [/wp-content/themes/thegem-child/RoundedElegance-Regular/%E2%80%8Brounded_elegance-webfont.woff2] [https://www.krushdigital.co.uk/] is_file_for_minification: true for file wp-content/themes/thegem/css/thegem-reset.css path /home/krushdig/public_html/wp-content/themes/thegem/css/thegem-reset.css
[Wed, 30 May 2018 10:38:29 +0000] [/wp-content/themes/thegem-child/RoundedElegance-Regular/%E2%80%8Brounded_elegance-webfont.woff2] [https://www.krushdigital.co.uk/] adding https://www.krushdigital.co.uk/wp-content/themes/thegem/css/thegem-grid.css
[Wed, 30 May 2018 10:38:29 +0000] [/wp-content/themes/thegem-child/RoundedElegance-Regular/%E2%80%8Brounded_elegance-webfont.woff2] [https://www.krushdigital.co.uk/] is_file_for_minification: true for file wp-content/themes/thegem/css/thegem-grid.css path /home/krushdig/public_html/wp-content/themes/thegem/css/thegem-grid.css
[Wed, 30 May 2018 10:38:29 +0000] [/wp-content/themes/thegem-child/RoundedElegance-Regular/%E2%80%8Brounded_elegance-webfont.woff2] [https://www.krushdigital.co.uk/] adding https://www.krushdigital.co.uk/wp-content/themes/thegem/style.css
[Wed, 30 May 2018 10:38:29 +0000] [/wp-content/themes/thegem-child/RoundedElegance-Regular/%E2%80%8Brounded_elegance-webfont.woff2] [https://www.krushdigital.co.uk/] is_file_for_minification: true for file wp-content/themes/thegem/style.css path /home/krushdig/public_html/wp-content/themes/thegem/style.css
[Wed, 30 May 2018 10:38:29 +0000] [/wp-content/themes/thegem-child/RoundedElegance-Regular/%E2%80%8Brounded_elegance-webfont.woff2] [https://www.krushdigital.co.uk/] adding https://www.krushdigital.co.uk/wp-content/themes/thegem-child/style.css
[Wed, 30 May 2018 10:38:29 +0000] [/wp-content/themes/thegem-child/RoundedElegance-Regular/%E2%80%8Brounded_elegance-webfont.woff2] [https://www.krushdigital.co.uk/] is_file_for_minification: true for file wp-content/themes/thegem-child/style.css path /home/krushdig/public_html/wp-content/themes/thegem-child/style.css
[Wed, 30 May 2018 10:38:29 +0000] [/wp-content/themes/thegem-child/RoundedElegance-Regular/%E2%80%8Brounded_elegance-webfont.woff2] [https://www.krushdigital.co.uk/] adding https://www.krushdigital.co.uk/wp-content/themes/thegem/css/thegem-header.css
[Wed, 30 May 2018 10:38:29 +0000] [/wp-content/themes/thegem-child/RoundedElegance-Regular/%E2%80%8Brounded_elegance-webfont.woff2] [https://www.krushdigital.co.uk/] is_file_for_minification: true for file wp-content/themes/thegem/css/thegem-header.css path /home/krushdig/public_html/wp-content/themes/thegem/css/thegem-header.css
[Wed, 30 May 2018 10:38:29 +0000] [/wp-content/themes/thegem-child/RoundedElegance-Regular/%E2%80%8Brounded_elegance-webfont.woff2] [https://www.krushdigital.co.uk/] adding https://www.krushdigital.co.uk/wp-content/themes/thegem/css/thegem-widgets.css
[Wed, 30 May 2018 10:38:29 +0000] [/wp-content/themes/thegem-child/RoundedElegance-Regular/%E2%80%8Brounded_elegance-webfont.woff2] [https://www.krushdigital.co.uk/] is_file_for_minification: true for file wp-content/themes/thegem/css/thegem-widgets.css path /home/krushdig/public_html/wp-content/themes/thegem/css/thegem-widgets.css
[Wed, 30 May 2018 10:38:29 +0000] [/wp-content/themes/thegem-child/RoundedElegance-Regular/%E2%80%8Brounded_elegance-webfont.woff2] [https://www.krushdigital.co.uk/] adding https://www.krushdigital.co.uk/wp-content/themes/thegem/css/thegem-new-css.css
[Wed, 30 May 2018 10:38:29 +0000] [/wp-content/themes/thegem-child/RoundedElegance-Regular/%E2%80%8Brounded_elegance-webfont.woff2] [https://www.krushdigital.co.uk/] is_file_for_minification: true for file wp-content/themes/thegem/css/thegem-new-css.css path /home/krushdig/public_html/wp-content/themes/thegem/css/thegem-new-css.css
[Wed, 30 May 2018 10:38:29 +0000] [/wp-content/themes/thegem-child/RoundedElegance-Regular/%E2%80%8Brounded_elegance-webfont.woff2] [https://www.krushdigital.co.uk/] adding https://www.krushdigital.co.uk/wp-content/themes/thegem/css/thegem-perevazka-css.css
[Wed, 30 May 2018 10:38:29 +0000] [/wp-content/themes/thegem-child/RoundedElegance-Regular/%E2%80%8Brounded_elegance-webfont.woff2] [https://www.krushdigital.co.uk/] is_file_for_minification: true for file wp-content/themes/thegem/css/thegem-perevazka-css.css path /home/krushdig/public_html/wp-content/themes/thegem/css/thegem-perevazka-css.css
[Wed, 30 May 2018 10:38:29 +0000] [/wp-content/themes/thegem-child/RoundedElegance-Regular/%E2%80%8Brounded_elegance-webfont.woff2] [https://www.krushdigital.co.uk/] adding //fonts.googleapis.com/css?family=Montserrat%3A700%2Cregular%7CSource+Sans+Pro%3Aregular%2C300&#038;subset=latin%2Clatin-ext%2Cvietnamese%2Cgreek-ext%2Ccyrillic-ext%2Ccyrillic%2Cgreek&#038;ver=4.9.6
[Wed, 30 May 2018 10:38:29 +0000] [/wp-content/themes/thegem-child/RoundedElegance-Regular/%E2%80%8Brounded_elegance-webfont.woff2] [https://www.krushdigital.co.uk/] is_file_for_minification: external not whitelisted url //fonts.googleapis.com/css?family=Montserrat%3A700%2Cregular%7CSource+Sans+Pro%3Aregular%2C300&#038;subset=latin%2Clatin-ext%2Cvietnamese%2Cgreek-ext%2Ccyrillic-ext%2Ccyrillic%2Cgreek&#038;ver=4.9.6
[Wed, 30 May 2018 10:38:29 +0000] [/wp-content/themes/thegem-child/RoundedElegance-Regular/%E2%80%8Brounded_elegance-webfont.woff2] [https://www.krushdigital.co.uk/] adding https://www.krushdigital.co.uk/wp-content/themes/thegem/css/custom.css
[Wed, 30 May 2018 10:38:29 +0000] [/wp-content/themes/thegem-child/RoundedElegance-Regular/%E2%80%8Brounded_elegance-webfont.woff2] [https://www.krushdigital.co.uk/] is_file_for_minification: true for file wp-content/themes/thegem/css/custom.css path /home/krushdig/public_html/wp-content/themes/thegem/css/custom.css
[Wed, 30 May 2018 10:38:29 +0000] [/wp-content/themes/thegem-child/RoundedElegance-Regular/%E2%80%8Brounded_elegance-webfont.woff2] [https://www.krushdigital.co.uk/] adding https://www.krushdigital.co.uk/wp-content/plugins/js_composer/assets/css/js_composer.min.css
[Wed, 30 May 2018 10:38:29 +0000] [/wp-content/themes/thegem-child/RoundedElegance-Regular/%E2%80%8Brounded_elegance-webfont.woff2] [https://www.krushdigital.co.uk/] is_file_for_minification: true for file wp-content/plugins/js_composer/assets/css/js_composer.min.css path /home/krushdig/public_html/wp-content/plugins/js_composer/assets/css/js_composer.min.css
[Wed, 30 May 2018 10:38:29 +0000] [/wp-content/themes/thegem-child/RoundedElegance-Regular/%E2%80%8Brounded_elegance-webfont.woff2] [https://www.krushdigital.co.uk/] adding https://www.krushdigital.co.uk/wp-content/themes/thegem/css/thegem-additional-blog-1.css
[Wed, 30 May 2018 10:38:29 +0000] [/wp-content/themes/thegem-child/RoundedElegance-Regular/%E2%80%8Brounded_elegance-webfont.woff2] [https://www.krushdigital.co.uk/] is_file_for_minification: true for file wp-content/themes/thegem/css/thegem-additional-blog-1.css path /home/krushdig/public_html/wp-content/themes/thegem/css/thegem-additional-blog-1.css
[Wed, 30 May 2018 10:38:29 +0000] [/wp-content/themes/thegem-child/RoundedElegance-Regular/%E2%80%8Brounded_elegance-webfont.woff2] [https://www.krushdigital.co.uk/] adding https://www.krushdigital.co.uk/wp-content/themes/thegem/css/thegem-hovers.css
[Wed, 30 May 2018 10:38:29 +0000] [/wp-content/themes/thegem-child/RoundedElegance-Regular/%E2%80%8Brounded_elegance-webfont.woff2] [https://www.krushdigital.co.uk/] is_file_for_minification: true for file wp-content/themes/thegem/css/thegem-hovers.css path /home/krushdig/public_html/wp-content/themes/thegem/css/thegem-hovers.css
[Wed, 30 May 2018 10:38:29 +0000] [/wp-content/themes/thegem-child/RoundedElegance-Regular/%E2%80%8Brounded_elegance-webfont.woff2] [https://www.krushdigital.co.uk/] adding https://www.krushdigital.co.uk/wp-content/themes/thegem/css/thegem-lazy-loading-animations.css
[Wed, 30 May 2018 10:38:29 +0000] [/wp-content/themes/thegem-child/RoundedElegance-Regular/%E2%80%8Brounded_elegance-webfont.woff2] [https://www.krushdigital.co.uk/] is_file_for_minification: true for file wp-content/themes/thegem/css/thegem-lazy-loading-animations.css path /home/krushdig/public_html/wp-content/themes/thegem/css/thegem-lazy-loading-animations.css
[Wed, 30 May 2018 10:38:29 +0000] [/wp-content/themes/thegem-child/RoundedElegance-Regular/%E2%80%8Brounded_elegance-webfont.woff2] [https://www.krushdigital.co.uk/] adding https://www.krushdigital.co.uk/wp-content/themes/thegem/js/fancyBox/jquery.fancybox.min.css
[Wed, 30 May 2018 10:38:29 +0000] [/wp-content/themes/thegem-child/RoundedElegance-Regular/%E2%80%8Brounded_elegance-webfont.woff2] [https://www.krushdigital.co.uk/] is_file_for_minification: true for file wp-content/themes/thegem/js/fancyBox/jquery.fancybox.min.css path /home/krushdig/public_html/wp-content/themes/thegem/js/fancyBox/jquery.fancybox.min.css
[Wed, 30 May 2018 10:38:29 +0000] [/wp-content/themes/thegem-child/RoundedElegance-Regular/%E2%80%8Brounded_elegance-webfont.woff2] [https://www.krushdigital.co.uk/] adding https://www.krushdigital.co.uk/wp-content/themes/thegem/css/thegem-vc_elements.css
[Wed, 30 May 2018 10:38:29 +0000] [/wp-content/themes/thegem-child/RoundedElegance-Regular/%E2%80%8Brounded_elegance-webfont.woff2] [https://www.krushdigital.co.uk/] is_file_for_minification: true for file wp-content/themes/thegem/css/thegem-vc_elements.css path /home/krushdig/public_html/wp-content/themes/thegem/css/thegem-vc_elements.css
[Wed, 30 May 2018 10:38:29 +0000] [/wp-content/themes/thegem-child/RoundedElegance-Regular/%E2%80%8Brounded_elegance-webfont.woff2] [https://www.krushdigital.co.uk/] adding https://www.krushdigital.co.uk/wp-content/plugins/contact-form-7/includes/css/styles.css
[Wed, 30 May 2018 10:38:29 +0000] [/wp-content/themes/thegem-child/RoundedElegance-Regular/%E2%80%8Brounded_elegance-webfont.woff2] [https://www.krushdigital.co.uk/] is_file_for_minification: true for file wp-content/plugins/contact-form-7/includes/css/styles.css path /home/krushdig/public_html/wp-content/plugins/contact-form-7/includes/css/styles.css
[Wed, 30 May 2018 10:38:29 +0000] [/wp-content/themes/thegem-child/RoundedElegance-Regular/%E2%80%8Brounded_elegance-webfont.woff2] [https://www.krushdigital.co.uk/] adding https://www.krushdigital.co.uk/wp-content/plugins/revslider/public/assets/css/settings.css
[Wed, 30 May 2018 10:38:29 +0000] [/wp-content/themes/thegem-child/RoundedElegance-Regular/%E2%80%8Brounded_elegance-webfont.woff2] [https://www.krushdigital.co.uk/] is_file_for_minification: true for file wp-content/plugins/revslider/public/assets/css/settings.css path /home/krushdig/public_html/wp-content/plugins/revslider/public/assets/css/settings.css
[Wed, 30 May 2018 10:38:29 +0000] [/wp-content/themes/thegem-child/RoundedElegance-Regular/%E2%80%8Brounded_elegance-webfont.woff2] [https://www.krushdigital.co.uk/] adding https://www.krushdigital.co.uk/wp-content/themes/thegem/style.css
[Wed, 30 May 2018 10:38:29 +0000] [/wp-content/themes/thegem-child/RoundedElegance-Regular/%E2%80%8Brounded_elegance-webfont.woff2] [https://www.krushdigital.co.uk/] is_file_for_minification: true for file wp-content/themes/thegem/style.css path /home/krushdig/public_html/wp-content/themes/thegem/style.css
[Wed, 30 May 2018 10:38:29 +0000] [/wp-content/themes/thegem-child/RoundedElegance-Regular/%E2%80%8Brounded_elegance-webfont.woff2] [https://www.krushdigital.co.uk/] adding //www.krushdigital.co.uk/wp-content/uploads/pum/pum-site-styles.css?generated=1526708237&#038;ver=1.7.19
[Wed, 30 May 2018 10:38:29 +0000] [/wp-content/themes/thegem-child/RoundedElegance-Regular/%E2%80%8Brounded_elegance-webfont.woff2] [https://www.krushdigital.co.uk/] is_file_for_minification: true for file wp-content/uploads/pum/pum-site-styles.css path /home/krushdig/public_html/wp-content/uploads/pum/pum-site-styles.css
[Wed, 30 May 2018 10:38:57 +0000] [/wp-admin/admin.php?page=w3tc_dashboard&w3tc_flush_all&_wpnonce=b079b9c942] [https://www.krushdigital.co.uk/wp-admin/admin.php?page=w3tc_general&w3tc_message=5b0e7f144c7fe] Minify flush called from
[Wed, 30 May 2018 10:38:57 +0000] [/wp-admin/admin.php?page=w3tc_dashboard&w3tc_flush_all&_wpnonce=b079b9c942] [https://www.krushdigital.co.uk/wp-admin/admin.php?page=w3tc_general&w3tc_message=5b0e7f144c7fe] [{"file":"\/home\/krushdig\/public_html\/wp-content\/plugins\/w3-total-cache\/CacheFlush_Locally.php","line":77,"function":"flush","class":"W3TC\\Minify_MinifiedFileRequestHandler","object":{"_config":{},"_error_occurred":false},"type":"-.","args":[]},{"file":"\/home\/krushdig\/public_html\/wp-content\/plugins\/w3-total-cache\/CacheFlush_Locally.php","line":87,"function":"minifycache_flush","class":"W3TC\\CacheFlush_Locally","object":{},"type":"-.","args":[{"ui_action":"flush_button"}]},{"function":"minifycache_flush_all","class":"W3TC\\CacheFlush_Locally","object":{},"type":"-.","args":[{"ui_action":"flush_button"}]},{"file":"\/home\/krushdig\/public_html\/wp-includes\/class-wp-hook.php","line":286,"function":"call_user_func_array","args":[[{},"minifycache_flush_all"],[{"ui_action":"flush_button"}]]},{"file":"\/home\/krushdig\/public_html\/wp-includes\/class-wp-hook.php","line":310,"function":"apply_filters","class":"WP_Hook","object":{"callbacks":{"50":{"0000000003d56da90000000033bfe6a5opcache_flush":{"function":[{},"opcache_flush"],"accepted_args":1}},"1000":{"0000000003d56da90000000033bfe6a5minifycache_flush_all":{"function":[{},"minifycache_flush_all"],"accepted_args":1}},"1100":{"0000000003d561530000000033bfe6a5w3tc_flush_posts":{"function":[{},"w3tc_flush_posts"],"accepted_args":1}}}},"type":"-.","args":["",[{"ui_action":"flush_button"}]]},{"file":"\/home\/krushdig\/public_html\/wp-includes\/plugin.php","line":453,"function":"do_action","class":"WP_Hook","object":{"callbacks":{"50":{"0000000003d56da90000000033bfe6a5opcache_flush":{"function":[{},"opcache_flush"],"accepted_args":1}},"1000":{"0000000003d56da90000000033bfe6a5minifycache_flush_all":{"function":[{},"minifycache_flush_all"],"accepted_args":1}},"1100":{"0000000003d561530000000033bfe6a5w3tc_flush_posts":{"function":[{},"w3tc_flush_posts"],"accepted_args":1}}}},"type":"-.","args":[[{"ui_action":"flush_button"}]]},{"file":"\/home\/krushdig\/public_html\/wp-content\/plugins\/w3-total-cache\/CacheFlush_Locally.php","line":207,"function":"do_action","args":["w3tc_flush_all",{"ui_action":"flush_button"}]},{"file":"\/home\/krushdig\/public_html\/wp-content\/plugins\/w3-total-cache\/CacheFlush.php","line":158,"function":"flush_all","class":"W3TC\\CacheFlush_Locally","object":{},"type":"-.","args":[{"ui_action":"flush_button"}]},{"file":"\/home\/krushdig\/public_html\/wp-content\/plugins\/w3-total-cache\/w3-total-cache-api.php","line":226,"function":"flush_all","class":"W3TC\\CacheFlush","object":{"_executor":{}},"type":"-.","args":[{"ui_action":"flush_button"}]},{"file":"\/home\/krushdig\/public_html\/wp-content\/plugins\/w3-total-cache\/Generic_AdminActions_Flush.php","line":19,"function":"w3tc_flush_all","args":[{"ui_action":"flush_button"}]},{"file":"\/home\/krushdig\/public_html\/wp-content\/plugins\/w3-total-cache\/Root_AdminActions.php","line":25,"function":"w3tc_flush_all","class":"W3TC\\Generic_AdminActions_Flush","object":{},"type":"-.","args":[]},{"file":"\/home\/krushdig\/public_html\/wp-content\/plugins\/w3-total-cache\/Generic_Plugin_Admin.php","line":159,"function":"execute","class":"W3TC\\Root_AdminActions","object":{},"type":"-.","args":["w3tc_flush_all"]},{"function":"load","class":"W3TC\\Generic_Plugin_Admin","object":{},"type":"-.","args":[""]},{"file":"\/home\/krushdig\/public_html\/wp-includes\/class-wp-hook.php","line":286,"function":"call_user_func_array","args":[[{},"load"],[""]]},{"file":"\/home\/krushdig\/public_html\/wp-includes\/class-wp-hook.php","line":310,"function":"apply_filters","class":"WP_Hook","object":{"callbacks":{"10":{"0000000003d5612c0000000033bfe6a5load":{"function":[{},"load"],"accepted_args":1}}}},"type":"-.","args":["",[""]]},{"file":"\/home\/krushdig\/public_html\/wp-includes\/plugin.php","line":453,"function":"do_action","class":"WP_Hook","object":{"callbacks":{"10":{"0000000003d5612c0000000033bfe6a5load":{"function":[{},"load"],"accepted_args":1}}}},"type":"-.","args":[[""]]},{"file":"\/home\/krushdig\/public_html\/wp-admin\/admin.php","line":214,"function":"do_action","args":["load-toplevel_page_w3tc_dashboard"]}]
[Wed, 30 May 2018 10:39:14 +0000] [/] [-] adding https://www.krushdigital.co.uk/wp-content/themes/thegem/css/thegem-effects-disabled.css
[Wed, 30 May 2018 10:39:14 +0000] [/] [-] is_file_for_minification: true for file wp-content/themes/thegem/css/thegem-effects-disabled.css path /home/krushdig/public_html/wp-content/themes/thegem/css/thegem-effects-disabled.css
[Wed, 30 May 2018 10:39:14 +0000] [/] [-] adding https://www.krushdigital.co.uk/wp-content/themes/thegem/css/thegem-preloader.css
[Wed, 30 May 2018 10:39:14 +0000] [/] [-] is_file_for_minification: true for file wp-content/themes/thegem/css/thegem-preloader.css path /home/krushdig/public_html/wp-content/themes/thegem/css/thegem-preloader.css
[Wed, 30 May 2018 10:39:14 +0000] [/] [-] adding https://www.krushdigital.co.uk/wp-content/themes/thegem/css/thegem-reset.css
[Wed, 30 May 2018 10:39:14 +0000] [/] [-] is_file_for_minification: true for file wp-content/themes/thegem/css/thegem-reset.css path /home/krushdig/public_html/wp-content/themes/thegem/css/thegem-reset.css
[Wed, 30 May 2018 10:39:14 +0000] [/] [-] adding https://www.krushdigital.co.uk/wp-content/themes/thegem/css/thegem-grid.css
[Wed, 30 May 2018 10:39:14 +0000] [/] [-] is_file_for_minification: true for file wp-content/themes/thegem/css/thegem-grid.css path /home/krushdig/public_html/wp-content/themes/thegem/css/thegem-grid.css
[Wed, 30 May 2018 10:39:14 +0000] [/] [-] adding https://www.krushdigital.co.uk/wp-content/themes/thegem/style.css
[Wed, 30 May 2018 10:39:14 +0000] [/] [-] is_file_for_minification: true for file wp-content/themes/thegem/style.css path /home/krushdig/public_html/wp-content/themes/thegem/style.css
[Wed, 30 May 2018 10:39:14 +0000] [/] [-] adding https://www.krushdigital.co.uk/wp-content/themes/thegem-child/style.css
[Wed, 30 May 2018 10:39:14 +0000] [/] [-] adding https://www.krushdigital.co.uk/wp-content/themes/thegem/css/thegem-effects-disabled.css
[Wed, 30 May 2018 10:39:14 +0000] [/] [-] is_file_for_minification: true for file wp-content/themes/thegem/css/thegem-effects-disabled.css path /home/krushdig/public_html/wp-content/themes/thegem/css/thegem-effects-disabled.css
[Wed, 30 May 2018 10:39:14 +0000] [/] [-] adding https://www.krushdigital.co.uk/wp-content/themes/thegem/css/thegem-preloader.css
[Wed, 30 May 2018 10:39:14 +0000] [/] [-] is_file_for_minification: true for file wp-content/themes/thegem/css/thegem-preloader.css path /home/krushdig/public_html/wp-content/themes/thegem/css/thegem-preloader.css
[Wed, 30 May 2018 10:39:14 +0000] [/] [-] adding https://www.krushdigital.co.uk/wp-content/themes/thegem/css/thegem-reset.css
[Wed, 30 May 2018 10:39:14 +0000] [/] [-] is_file_for_minification: true for file wp-content/themes/thegem/css/thegem-reset.css path /home/krushdig/public_html/wp-content/themes/thegem/css/thegem-reset.css
[Wed, 30 May 2018 10:39:14 +0000] [/] [-] adding https://www.krushdigital.co.uk/wp-content/themes/thegem/css/thegem-grid.css
[Wed, 30 May 2018 10:39:14 +0000] [/] [-] is_file_for_minification: true for file wp-content/themes/thegem/css/thegem-grid.css path /home/krushdig/public_html/wp-content/themes/thegem/css/thegem-grid.css
[Wed, 30 May 2018 10:39:14 +0000] [/] [-] adding https://www.krushdigital.co.uk/wp-content/themes/thegem/style.css
[Wed, 30 May 2018 10:39:14 +0000] [/] [-] is_file_for_minification: true for file wp-content/themes/thegem/style.css path /home/krushdig/public_html/wp-content/themes/thegem/style.css
[Wed, 30 May 2018 10:39:14 +0000] [/] [-] adding https://www.krushdigital.co.uk/wp-content/themes/thegem-child/style.css
[Wed, 30 May 2018 10:39:14 +0000] [/] [-] is_file_for_minification: true for file wp-content/themes/thegem-child/style.css path /home/krushdig/public_html/wp-content/themes/thegem-child/style.css
[Wed, 30 May 2018 10:39:14 +0000] [/] [-] adding https://www.krushdigital.co.uk/wp-content/themes/thegem/css/thegem-header.css
[Wed, 30 May 2018 10:39:14 +0000] [/] [-] is_file_for_minification: true for file wp-content/themes/thegem/css/thegem-header.css path /home/krushdig/public_html/wp-content/themes/thegem/css/thegem-header.css
[Wed, 30 May 2018 10:39:14 +0000] [/] [-] adding https://www.krushdigital.co.uk/wp-content/themes/thegem/css/thegem-widgets.css
[Wed, 30 May 2018 10:39:14 +0000] [/] [-] is_file_for_minification: true for file wp-content/themes/thegem/css/thegem-widgets.css path /home/krushdig/public_html/wp-content/themes/thegem/css/thegem-widgets.css
[Wed, 30 May 2018 10:39:14 +0000] [/] [-] adding https://www.krushdigital.co.uk/wp-content/themes/thegem/css/thegem-new-css.css
[Wed, 30 May 2018 10:39:14 +0000] [/] [-] is_file_for_minification: true for file wp-content/themes/thegem/css/thegem-new-css.css path /home/krushdig/public_html/wp-content/themes/thegem/css/thegem-new-css.css
[Wed, 30 May 2018 10:39:14 +0000] [/] [-] adding https://www.krushdigital.co.uk/wp-content/themes/thegem/css/thegem-perevazka-css.css
[Wed, 30 May 2018 10:39:14 +0000] [/] [-] is_file_for_minification: true for file wp-content/themes/thegem/css/thegem-perevazka-css.css path /home/krushdig/public_html/wp-content/themes/thegem/css/thegem-perevazka-css.css
[Wed, 30 May 2018 10:39:14 +0000] [/] [-] adding //fonts.googleapis.com/css?family=Montserrat%3A700%2Cregular%7CSource+Sans+Pro%3Aregular%2C300&#038;subset=latin%2Clatin-ext%2Cvietnamese%2Cgreek-ext%2Ccyrillic-ext%2Ccyrillic%2Cgreek&#038;ver=4.9.6
[Wed, 30 May 2018 10:39:14 +0000] [/] [-] is_file_for_minification: external not whitelisted url //fonts.googleapis.com/css?family=Montserrat%3A700%2Cregular%7CSource+Sans+Pro%3Aregular%2C300&#038;subset=latin%2Clatin-ext%2Cvietnamese%2Cgreek-ext%2Ccyrillic-ext%2Ccyrillic%2Cgreek&#038;ver=4.9.6
[Wed, 30 May 2018 10:39:14 +0000] [/] [-] adding https://www.krushdigital.co.uk/wp-content/themes/thegem/css/custom.css
[Wed, 30 May 2018 10:39:14 +0000] [/] [-] is_file_for_minification: true for file wp-content/themes/thegem/css/custom.css path /home/krushdig/public_html/wp-content/themes/thegem/css/custom.css
[Wed, 30 May 2018 10:39:14 +0000] [/] [-] adding https://www.krushdigital.co.uk/wp-content/plugins/js_composer/assets/css/js_composer.min.css
[Wed, 30 May 2018 10:39:14 +0000] [/] [-] is_file_for_minification: true for file wp-content/plugins/js_composer/assets/css/js_composer.min.css path /home/krushdig/public_html/wp-content/plugins/js_composer/assets/css/js_composer.min.css
[Wed, 30 May 2018 10:39:14 +0000] [/] [-] adding https://www.krushdigital.co.uk/wp-content/themes/thegem/css/thegem-additional-blog-1.css
[Wed, 30 May 2018 10:39:14 +0000] [/] [-] is_file_for_minification: true for file wp-content/themes/thegem/css/thegem-additional-blog-1.css path /home/krushdig/public_html/wp-content/themes/thegem/css/thegem-additional-blog-1.css
[Wed, 30 May 2018 10:39:14 +0000] [/] [-] adding https://www.krushdigital.co.uk/wp-content/themes/thegem/css/thegem-hovers.css
[Wed, 30 May 2018 10:39:14 +0000] [/] [-] is_file_for_minification: true for file wp-content/themes/thegem/css/thegem-hovers.css path /home/krushdig/public_html/wp-content/themes/thegem/css/thegem-hovers.css
[Wed, 30 May 2018 10:39:14 +0000] [/] [-] adding https://www.krushdigital.co.uk/wp-content/themes/thegem/css/thegem-lazy-loading-animations.css
[Wed, 30 May 2018 10:39:14 +0000] [/] [-] is_file_for_minification: true for file wp-content/themes/thegem/css/thegem-lazy-loading-animations.css path /home/krushdig/public_html/wp-content/themes/thegem/css/thegem-lazy-loading-animations.css
[Wed, 30 May 2018 10:39:14 +0000] [/] [-] adding https://www.krushdigital.co.uk/wp-content/themes/thegem/js/fancyBox/jquery.fancybox.min.css
[Wed, 30 May 2018 10:39:14 +0000] [/] [-] is_file_for_minification: true for file wp-content/themes/thegem/js/fancyBox/jquery.fancybox.min.css path /home/krushdig/public_html/wp-content/themes/thegem/js/fancyBox/jquery.fancybox.min.css
[Wed, 30 May 2018 10:39:14 +0000] [/] [-] adding https://www.krushdigital.co.uk/wp-content/themes/thegem/css/thegem-vc_elements.css
[Wed, 30 May 2018 10:39:14 +0000] [/] [-] is_file_for_minification: true for file wp-content/themes/thegem/css/thegem-vc_elements.css path /home/krushdig/public_html/wp-content/themes/thegem/css/thegem-vc_elements.css
[Wed, 30 May 2018 10:39:14 +0000] [/] [-] adding https://www.krushdigital.co.uk/wp-content/plugins/contact-form-7/includes/css/styles.css
[Wed, 30 May 2018 10:39:14 +0000] [/] [-] is_file_for_minification: true for file wp-content/plugins/contact-form-7/includes/css/styles.css path /home/krushdig/public_html/wp-content/plugins/contact-form-7/includes/css/styles.css
[Wed, 30 May 2018 10:39:14 +0000] [/] [-] adding https://www.krushdigital.co.uk/wp-content/plugins/revslider/public/assets/css/settings.css
[Wed, 30 May 2018 10:39:14 +0000] [/] [-] is_file_for_minification: true for file wp-content/plugins/revslider/public/assets/css/settings.css path /home/krushdig/public_html/wp-content/plugins/revslider/public/assets/css/settings.css
[Wed, 30 May 2018 10:39:14 +0000] [/] [-] adding https://www.krushdigital.co.uk/wp-content/themes/thegem/style.css
[Wed, 30 May 2018 10:39:14 +0000] [/] [-] is_file_for_minification: true for file wp-content/themes/thegem/style.css path /home/krushdig/public_html/wp-content/themes/thegem/style.css
[Wed, 30 May 2018 10:39:14 +0000] [/] [-] adding https://www.krushdigital.co.uk/wp-content/themes/thegem/css/thegem-js_composer_columns.css
[Wed, 30 May 2018 10:39:14 +0000] [/] [-] is_file_for_minification: true for file wp-content/themes/thegem/css/thegem-js_composer_columns.css path /home/krushdig/public_html/wp-content/themes/thegem/css/thegem-js_composer_columns.css
[Wed, 30 May 2018 10:39:14 +0000] [/] [-] adding //www.krushdigital.co.uk/wp-content/uploads/pum/pum-site-styles.css?generated=1526708237&#038;ver=1.7.19
[Wed, 30 May 2018 10:39:14 +0000] [/] [-] is_file_for_minification: true for file wp-content/uploads/pum/pum-site-styles.css path /home/krushdig/public_html/wp-content/uploads/pum/pum-site-styles.css
[Wed, 30 May 2018 10:39:14 +0000] [/] [-] adding https://fonts.googleapis.com/css?family=Open+Sans:600%2C400%7CRoboto:500
[Wed, 30 May 2018 10:39:14 +0000] [/] [-] is_file_for_minification: external not whitelisted url https://fonts.googleapis.com/css?family=Open+Sans:600%2C400%7CRoboto:500
[Wed, 30 May 2018 10:39:14 +0000] [/] [-] adding https://fonts.googleapis.com/css?family=Open+Sans:600%2C400%7CRoboto:500
[Wed, 30 May 2018 10:39:14 +0000] [/] [-] is_file_for_minification: external not whitelisted url https://fonts.googleapis.com/css?family=Open+Sans:600%2C400%7CRoboto:500
[Wed, 30 May 2018 10:39:14 +0000] [/] [-] adding https://fonts.googleapis.com/css?family=Open+Sans:600%2C400%7CRoboto:500
[Wed, 30 May 2018 10:39:14 +0000] [/] [-] is_file_for_minification: external not whitelisted url https://fonts.googleapis.com/css?family=Open+Sans:600%2C400%7CRoboto:500
[Wed, 30 May 2018 10:39:14 +0000] [/] [-] adding https://www.krushdigital.co.uk/wp-content/plugins/js_composer/assets/lib/bower/animate-css/animate.min.css
[Wed, 30 May 2018 10:39:14 +0000] [/] [-] is_file_for_minification: true for file wp-content/plugins/js_composer/assets/lib/bower/animate-css/animate.min.css path /home/krushdig/public_html/wp-content/plugins/js_composer/assets/lib/bower/animate-css/animate.min.css
[Wed, 30 May 2018 10:39:14 +0000] [/] [-] adding //fonts.googleapis.com/css?family=Abril+Fatface%3Aregular&#038;ver=4.9.6
[Wed, 30 May 2018 10:39:14 +0000] [/] [-] is_file_for_minification: external not whitelisted url //fonts.googleapis.com/css?family=Abril+Fatface%3Aregular&#038;ver=4.9.6
[Wed, 30 May 2018 10:39:14 +0000] [/] [-] adding //fonts.googleapis.com/css?family=Montserrat%3Aregular%2C700&#038;ver=4.9.6
[Wed, 30 May 2018 10:39:14 +0000] [/] [-] is_file_for_minification: external not whitelisted url //fonts.googleapis.com/css?family=Montserrat%3Aregular%2C700&#038;ver=4.9.6
[Wed, 30 May 2018 10:39:14 +0000] [/] [-] is_file_for_minification: true for file wp-content/themes/thegem-child/style.css path /home/krushdig/public_html/wp-content/themes/thegem-child/style.css
[Wed, 30 May 2018 10:39:14 +0000] [/] [-] adding https://www.krushdigital.co.uk/wp-content/themes/thegem/css/thegem-header.css
[Wed, 30 May 2018 10:39:14 +0000] [/] [-] is_file_for_minification: true for file wp-content/themes/thegem/css/thegem-header.css path /home/krushdig/public_html/wp-content/themes/thegem/css/thegem-header.css
[Wed, 30 May 2018 10:39:14 +0000] [/] [-] adding https://www.krushdigital.co.uk/wp-content/themes/thegem/css/thegem-widgets.css
[Wed, 30 May 2018 10:39:14 +0000] [/] [-] is_file_for_minification: true for file wp-content/themes/thegem/css/thegem-widgets.css path /home/krushdig/public_html/wp-content/themes/thegem/css/thegem-widgets.css
[Wed, 30 May 2018 10:39:14 +0000] [/] [-] adding https://www.krushdigital.co.uk/wp-content/themes/thegem/css/thegem-new-css.css
[Wed, 30 May 2018 10:39:14 +0000] [/] [-] is_file_for_minification: true for file wp-content/themes/thegem/css/thegem-new-css.css path /home/krushdig/public_html/wp-content/themes/thegem/css/thegem-new-css.css
[Wed, 30 May 2018 10:39:14 +0000] [/] [-] adding https://www.krushdigital.co.uk/wp-content/themes/thegem/css/thegem-perevazka-css.css
[Wed, 30 May 2018 10:39:14 +0000] [/] [-] is_file_for_minification: true for file wp-content/themes/thegem/css/thegem-perevazka-css.css path /home/krushdig/public_html/wp-content/themes/thegem/css/thegem-perevazka-css.css
[Wed, 30 May 2018 10:39:14 +0000] [/] [-] adding //fonts.googleapis.com/css?family=Montserrat%3A700%2Cregular%7CSource+Sans+Pro%3Aregular%2C300&#038;subset=latin%2Clatin-ext%2Cvietnamese%2Cgreek-ext%2Ccyrillic-ext%2Ccyrillic%2Cgreek&#038;ver=4.9.6
[Wed, 30 May 2018 10:39:14 +0000] [/] [-] is_file_for_minification: external not whitelisted url //fonts.googleapis.com/css?family=Montserrat%3A700%2Cregular%7CSource+Sans+Pro%3Aregular%2C300&#038;subset=latin%2Clatin-ext%2Cvietnamese%2Cgreek-ext%2Ccyrillic-ext%2Ccyrillic%2Cgreek&#038;ver=4.9.6
[Wed, 30 May 2018 10:39:14 +0000] [/] [-] adding https://www.krushdigital.co.uk/wp-content/themes/thegem/css/custom.css
[Wed, 30 May 2018 10:39:14 +0000] [/] [-] is_file_for_minification: true for file wp-content/themes/thegem/css/custom.css path /home/krushdig/public_html/wp-content/themes/thegem/css/custom.css
[Wed, 30 May 2018 10:39:14 +0000] [/] [-] adding https://www.krushdigital.co.uk/wp-content/plugins/js_composer/assets/css/js_composer.min.css
[Wed, 30 May 2018 10:39:14 +0000] [/] [-] is_file_for_minification: true for file wp-content/plugins/js_composer/assets/css/js_composer.min.css path /home/krushdig/public_html/wp-content/plugins/js_composer/assets/css/js_composer.min.css
[Wed, 30 May 2018 10:39:14 +0000] [/] [-] adding https://www.krushdigital.co.uk/wp-content/themes/thegem/css/thegem-additional-blog-1.css
[Wed, 30 May 2018 10:39:14 +0000] [/] [-] is_file_for_minification: true for file wp-content/themes/thegem/css/thegem-additional-blog-1.css path /home/krushdig/public_html/wp-content/themes/thegem/css/thegem-additional-blog-1.css
[Wed, 30 May 2018 10:39:14 +0000] [/] [-] adding https://www.krushdigital.co.uk/wp-content/themes/thegem/css/thegem-hovers.css
[Wed, 30 May 2018 10:39:14 +0000] [/] [-] is_file_for_minification: true for file wp-content/themes/thegem/css/thegem-hovers.css path /home/krushdig/public_html/wp-content/themes/thegem/css/thegem-hovers.css
[Wed, 30 May 2018 10:39:14 +0000] [/] [-] adding https://www.krushdigital.co.uk/wp-content/themes/thegem/css/thegem-lazy-loading-animations.css
[Wed, 30 May 2018 10:39:14 +0000] [/] [-] is_file_for_minification: true for file wp-content/themes/thegem/css/thegem-lazy-loading-animations.css path /home/krushdig/public_html/wp-content/themes/thegem/css/thegem-lazy-loading-animations.css
[Wed, 30 May 2018 10:39:14 +0000] [/] [-] adding https://www.krushdigital.co.uk/wp-content/themes/thegem/js/fancyBox/jquery.fancybox.min.css
[Wed, 30 May 2018 10:39:14 +0000] [/] [-] is_file_for_minification: true for file wp-content/themes/thegem/js/fancyBox/jquery.fancybox.min.css path /home/krushdig/public_html/wp-content/themes/thegem/js/fancyBox/jquery.fancybox.min.css
[Wed, 30 May 2018 10:39:14 +0000] [/] [-] adding https://www.krushdigital.co.uk/wp-content/themes/thegem/css/thegem-vc_elements.css
[Wed, 30 May 2018 10:39:14 +0000] [/] [-] is_file_for_minification: true for file wp-content/themes/thegem/css/thegem-vc_elements.css path /home/krushdig/public_html/wp-content/themes/thegem/css/thegem-vc_elements.css
[Wed, 30 May 2018 10:39:14 +0000] [/] [-] adding https://www.krushdigital.co.uk/wp-content/plugins/contact-form-7/includes/css/styles.css
[Wed, 30 May 2018 10:39:14 +0000] [/] [-] is_file_for_minification: true for file wp-content/plugins/contact-form-7/includes/css/styles.css path /home/krushdig/public_html/wp-content/plugins/contact-form-7/includes/css/styles.css
[Wed, 30 May 2018 10:39:14 +0000] [/] [-] adding https://www.krushdigital.co.uk/wp-content/plugins/revslider/public/assets/css/settings.css
[Wed, 30 May 2018 10:39:14 +0000] [/] [-] is_file_for_minification: true for file wp-content/plugins/revslider/public/assets/css/settings.css path /home/krushdig/public_html/wp-content/plugins/revslider/public/assets/css/settings.css
[Wed, 30 May 2018 10:39:14 +0000] [/] [-] adding https://www.krushdigital.co.uk/wp-content/themes/thegem/style.css
[Wed, 30 May 2018 10:39:14 +0000] [/] [-] is_file_for_minification: true for file wp-content/themes/thegem/style.css path /home/krushdig/public_html/wp-content/themes/thegem/style.css
[Wed, 30 May 2018 10:39:14 +0000] [/] [-] adding https://www.krushdigital.co.uk/wp-content/themes/thegem/css/thegem-js_composer_columns.css
[Wed, 30 May 2018 10:39:14 +0000] [/] [-] is_file_for_minification: true for file wp-content/themes/thegem/css/thegem-js_composer_columns.css path /home/krushdig/public_html/wp-content/themes/thegem/css/thegem-js_composer_columns.css
[Wed, 30 May 2018 10:39:14 +0000] [/] [-] adding //www.krushdigital.co.uk/wp-content/uploads/pum/pum-site-styles.css?generated=1526708237&#038;ver=1.7.19
[Wed, 30 May 2018 10:39:14 +0000] [/] [-] is_file_for_minification: true for file wp-content/uploads/pum/pum-site-styles.css path /home/krushdig/public_html/wp-content/uploads/pum/pum-site-styles.css
[Wed, 30 May 2018 10:39:14 +0000] [/] [-] adding https://fonts.googleapis.com/css?family=Open+Sans:600%2C400%7CRoboto:500
[Wed, 30 May 2018 10:39:14 +0000] [/] [-] is_file_for_minification: external not whitelisted url https://fonts.googleapis.com/css?family=Open+Sans:600%2C400%7CRoboto:500
[Wed, 30 May 2018 10:39:14 +0000] [/] [-] adding https://fonts.googleapis.com/css?family=Open+Sans:600%2C400%7CRoboto:500
[Wed, 30 May 2018 10:39:14 +0000] [/] [-] is_file_for_minification: external not whitelisted url https://fonts.googleapis.com/css?family=Open+Sans:600%2C400%7CRoboto:500
[Wed, 30 May 2018 10:39:14 +0000] [/] [-] adding https://fonts.googleapis.com/css?family=Open+Sans:600%2C400%7CRoboto:500
[Wed, 30 May 2018 10:39:14 +0000] [/] [-] is_file_for_minification: external not whitelisted url https://fonts.googleapis.com/css?family=Open+Sans:600%2C400%7CRoboto:500
[Wed, 30 May 2018 10:39:14 +0000] [/] [-] adding https://www.krushdigital.co.uk/wp-content/plugins/js_composer/assets/lib/bower/animate-css/animate.min.css
[Wed, 30 May 2018 10:39:14 +0000] [/] [-] is_file_for_minification: true for file wp-content/plugins/js_composer/assets/lib/bower/animate-css/animate.min.css path /home/krushdig/public_html/wp-content/plugins/js_composer/assets/lib/bower/animate-css/animate.min.css
[Wed, 30 May 2018 10:39:14 +0000] [/] [-] adding //fonts.googleapis.com/css?family=Abril+Fatface%3Aregular&#038;ver=4.9.6
[Wed, 30 May 2018 10:39:14 +0000] [/] [-] is_file_for_minification: external not whitelisted url //fonts.googleapis.com/css?family=Abril+Fatface%3Aregular&#038;ver=4.9.6
[Wed, 30 May 2018 10:39:14 +0000] [/] [-] adding //fonts.googleapis.com/css?family=Montserrat%3Aregular%2C700&#038;ver=4.9.6
[Wed, 30 May 2018 10:39:14 +0000] [/] [-] is_file_for_minification: external not whitelisted url //fonts.googleapis.com/css?family=Montserrat%3Aregular%2C700&#038;ver=4.9.6
[Wed, 30 May 2018 10:39:21 +0000] [/wp-content/themes/thegem-child/RoundedElegance-Regular/%E2%80%8Brounded_elegance-webfont.woff2] [https://www.krushdigital.co.uk/] adding https://www.krushdigital.co.uk/wp-content/themes/thegem/css/thegem-preloader.css
[Wed, 30 May 2018 10:39:21 +0000] [/wp-content/themes/thegem-child/RoundedElegance-Regular/%E2%80%8Brounded_elegance-webfont.woff2] [https://www.krushdigital.co.uk/] is_file_for_minification: true for file wp-content/themes/thegem/css/thegem-preloader.css path /home/krushdig/public_html/wp-content/themes/thegem/css/thegem-preloader.css
[Wed, 30 May 2018 10:39:21 +0000] [/wp-content/themes/thegem-child/RoundedElegance-Regular/%E2%80%8Brounded_elegance-webfont.woff2] [https://www.krushdigital.co.uk/] adding https://www.krushdigital.co.uk/wp-content/themes/thegem/css/thegem-reset.css
[Wed, 30 May 2018 10:39:21 +0000] [/wp-content/themes/thegem-child/RoundedElegance-Regular/%E2%80%8Brounded_elegance-webfont.woff2] [https://www.krushdigital.co.uk/] is_file_for_minification: true for file wp-content/themes/thegem/css/thegem-reset.css path /home/krushdig/public_html/wp-content/themes/thegem/css/thegem-reset.css
[Wed, 30 May 2018 10:39:21 +0000] [/wp-content/themes/thegem-child/RoundedElegance-Regular/%E2%80%8Brounded_elegance-webfont.woff2] [https://www.krushdigital.co.uk/] adding https://www.krushdigital.co.uk/wp-content/themes/thegem/css/thegem-grid.css
[Wed, 30 May 2018 10:39:21 +0000] [/wp-content/themes/thegem-child/RoundedElegance-Regular/%E2%80%8Brounded_elegance-webfont.woff2] [https://www.krushdigital.co.uk/] is_file_for_minification: true for file wp-content/themes/thegem/css/thegem-grid.css path /home/krushdig/public_html/wp-content/themes/thegem/css/thegem-grid.css
[Wed, 30 May 2018 10:39:21 +0000] [/wp-content/themes/thegem-child/RoundedElegance-Regular/%E2%80%8Brounded_elegance-webfont.woff2] [https://www.krushdigital.co.uk/] adding https://www.krushdigital.co.uk/wp-content/themes/thegem/style.css
[Wed, 30 May 2018 10:39:21 +0000] [/wp-content/themes/thegem-child/RoundedElegance-Regular/%E2%80%8Brounded_elegance-webfont.woff2] [https://www.krushdigital.co.uk/] is_file_for_minification: true for file wp-content/themes/thegem/style.css path /home/krushdig/public_html/wp-content/themes/thegem/style.css
[Wed, 30 May 2018 10:39:21 +0000] [/wp-content/themes/thegem-child/RoundedElegance-Regular/%E2%80%8Brounded_elegance-webfont.woff2] [https://www.krushdigital.co.uk/] adding https://www.krushdigital.co.uk/wp-content/themes/thegem-child/style.css
[Wed, 30 May 2018 10:39:21 +0000] [/wp-content/themes/thegem-child/RoundedElegance-Regular/%E2%80%8Brounded_elegance-webfont.woff2] [https://www.krushdigital.co.uk/] is_file_for_minification: true for file wp-content/themes/thegem-child/style.css path /home/krushdig/public_html/wp-content/themes/thegem-child/style.css
[Wed, 30 May 2018 10:39:21 +0000] [/wp-content/themes/thegem-child/RoundedElegance-Regular/%E2%80%8Brounded_elegance-webfont.woff2] [https://www.krushdigital.co.uk/] adding https://www.krushdigital.co.uk/wp-content/themes/thegem/css/thegem-header.css
[Wed, 30 May 2018 10:39:21 +0000] [/wp-content/themes/thegem-child/RoundedElegance-Regular/%E2%80%8Brounded_elegance-webfont.woff2] [https://www.krushdigital.co.uk/] is_file_for_minification: true for file wp-content/themes/thegem/css/thegem-header.css path /home/krushdig/public_html/wp-content/themes/thegem/css/thegem-header.css
[Wed, 30 May 2018 10:39:21 +0000] [/wp-content/themes/thegem-child/RoundedElegance-Regular/%E2%80%8Brounded_elegance-webfont.woff2] [https://www.krushdigital.co.uk/] adding https://www.krushdigital.co.uk/wp-content/themes/thegem/css/thegem-widgets.css
[Wed, 30 May 2018 10:39:21 +0000] [/wp-content/themes/thegem-child/RoundedElegance-Regular/%E2%80%8Brounded_elegance-webfont.woff2] [https://www.krushdigital.co.uk/] is_file_for_minification: true for file wp-content/themes/thegem/css/thegem-widgets.css path /home/krushdig/public_html/wp-content/themes/thegem/css/thegem-widgets.css
[Wed, 30 May 2018 10:39:21 +0000] [/wp-content/themes/thegem-child/RoundedElegance-Regular/%E2%80%8Brounded_elegance-webfont.woff2] [https://www.krushdigital.co.uk/] adding https://www.krushdigital.co.uk/wp-content/themes/thegem/css/thegem-new-css.css
[Wed, 30 May 2018 10:39:21 +0000] [/wp-content/themes/thegem-child/RoundedElegance-Regular/%E2%80%8Brounded_elegance-webfont.woff2] [https://www.krushdigital.co.uk/] is_file_for_minification: true for file wp-content/themes/thegem/css/thegem-new-css.css path /home/krushdig/public_html/wp-content/themes/thegem/css/thegem-new-css.css
[Wed, 30 May 2018 10:39:21 +0000] [/wp-content/themes/thegem-child/RoundedElegance-Regular/%E2%80%8Brounded_elegance-webfont.woff2] [https://www.krushdigital.co.uk/] adding https://www.krushdigital.co.uk/wp-content/themes/thegem/css/thegem-perevazka-css.css
[Wed, 30 May 2018 10:39:21 +0000] [/wp-content/themes/thegem-child/RoundedElegance-Regular/%E2%80%8Brounded_elegance-webfont.woff2] [https://www.krushdigital.co.uk/] is_file_for_minification: true for file wp-content/themes/thegem/css/thegem-perevazka-css.css path /home/krushdig/public_html/wp-content/themes/thegem/css/thegem-perevazka-css.css
[Wed, 30 May 2018 10:39:21 +0000] [/wp-content/themes/thegem-child/RoundedElegance-Regular/%E2%80%8Brounded_elegance-webfont.woff2] [https://www.krushdigital.co.uk/] adding //fonts.googleapis.com/css?family=Montserrat%3A700%2Cregular%7CSource+Sans+Pro%3Aregular%2C300&#038;subset=latin%2Clatin-ext%2Cvietnamese%2Cgreek-ext%2Ccyrillic-ext%2Ccyrillic%2Cgreek&#038;ver=4.9.6
[Wed, 30 May 2018 10:39:21 +0000] [/wp-content/themes/thegem-child/RoundedElegance-Regular/%E2%80%8Brounded_elegance-webfont.woff2] [https://www.krushdigital.co.uk/] is_file_for_minification: external not whitelisted url //fonts.googleapis.com/css?family=Montserrat%3A700%2Cregular%7CSource+Sans+Pro%3Aregular%2C300&#038;subset=latin%2Clatin-ext%2Cvietnamese%2Cgreek-ext%2Ccyrillic-ext%2Ccyrillic%2Cgreek&#038;ver=4.9.6
[Wed, 30 May 2018 10:39:21 +0000] [/wp-content/themes/thegem-child/RoundedElegance-Regular/%E2%80%8Brounded_elegance-webfont.woff2] [https://www.krushdigital.co.uk/] adding https://www.krushdigital.co.uk/wp-content/themes/thegem/css/custom.css
[Wed, 30 May 2018 10:39:21 +0000] [/wp-content/themes/thegem-child/RoundedElegance-Regular/%E2%80%8Brounded_elegance-webfont.woff2] [https://www.krushdigital.co.uk/] is_file_for_minification: true for file wp-content/themes/thegem/css/custom.css path /home/krushdig/public_html/wp-content/themes/thegem/css/custom.css
[Wed, 30 May 2018 10:39:21 +0000] [/wp-content/themes/thegem-child/RoundedElegance-Regular/%E2%80%8Brounded_elegance-webfont.woff2] [https://www.krushdigital.co.uk/] adding https://www.krushdigital.co.uk/wp-content/plugins/js_composer/assets/css/js_composer.min.css
[Wed, 30 May 2018 10:39:21 +0000] [/wp-content/themes/thegem-child/RoundedElegance-Regular/%E2%80%8Brounded_elegance-webfont.woff2] [https://www.krushdigital.co.uk/] is_file_for_minification: true for file wp-content/plugins/js_composer/assets/css/js_composer.min.css path /home/krushdig/public_html/wp-content/plugins/js_composer/assets/css/js_composer.min.css
[Wed, 30 May 2018 10:39:21 +0000] [/wp-content/themes/thegem-child/RoundedElegance-Regular/%E2%80%8Brounded_elegance-webfont.woff2] [https://www.krushdigital.co.uk/] adding https://www.krushdigital.co.uk/wp-content/themes/thegem/css/thegem-additional-blog-1.css
[Wed, 30 May 2018 10:39:21 +0000] [/wp-content/themes/thegem-child/RoundedElegance-Regular/%E2%80%8Brounded_elegance-webfont.woff2] [https://www.krushdigital.co.uk/] is_file_for_minification: true for file wp-content/themes/thegem/css/thegem-additional-blog-1.css path /home/krushdig/public_html/wp-content/themes/thegem/css/thegem-additional-blog-1.css
[Wed, 30 May 2018 10:39:21 +0000] [/wp-content/themes/thegem-child/RoundedElegance-Regular/%E2%80%8Brounded_elegance-webfont.woff2] [https://www.krushdigital.co.uk/] adding https://www.krushdigital.co.uk/wp-content/themes/thegem/css/thegem-hovers.css
[Wed, 30 May 2018 10:39:21 +0000] [/wp-content/themes/thegem-child/RoundedElegance-Regular/%E2%80%8Brounded_elegance-webfont.woff2] [https://www.krushdigital.co.uk/] is_file_for_minification: true for file wp-content/themes/thegem/css/thegem-hovers.css path /home/krushdig/public_html/wp-content/themes/thegem/css/thegem-hovers.css
[Wed, 30 May 2018 10:39:21 +0000] [/wp-content/themes/thegem-child/RoundedElegance-Regular/%E2%80%8Brounded_elegance-webfont.woff2] [https://www.krushdigital.co.uk/] adding https://www.krushdigital.co.uk/wp-content/themes/thegem/css/thegem-lazy-loading-animations.css
[Wed, 30 May 2018 10:39:21 +0000] [/wp-content/themes/thegem-child/RoundedElegance-Regular/%E2%80%8Brounded_elegance-webfont.woff2] [https://www.krushdigital.co.uk/] is_file_for_minification: true for file wp-content/themes/thegem/css/thegem-lazy-loading-animations.css path /home/krushdig/public_html/wp-content/themes/thegem/css/thegem-lazy-loading-animations.css
[Wed, 30 May 2018 10:39:21 +0000] [/wp-content/themes/thegem-child/RoundedElegance-Regular/%E2%80%8Brounded_elegance-webfont.woff2] [https://www.krushdigital.co.uk/] adding https://www.krushdigital.co.uk/wp-content/themes/thegem/js/fancyBox/jquery.fancybox.min.css
[Wed, 30 May 2018 10:39:21 +0000] [/wp-content/themes/thegem-child/RoundedElegance-Regular/%E2%80%8Brounded_elegance-webfont.woff2] [https://www.krushdigital.co.uk/] is_file_for_minification: true for file wp-content/themes/thegem/js/fancyBox/jquery.fancybox.min.css path /home/krushdig/public_html/wp-content/themes/thegem/js/fancyBox/jquery.fancybox.min.css
[Wed, 30 May 2018 10:39:21 +0000] [/wp-content/themes/thegem-child/RoundedElegance-Regular/%E2%80%8Brounded_elegance-webfont.woff2] [https://www.krushdigital.co.uk/] adding https://www.krushdigital.co.uk/wp-content/themes/thegem/css/thegem-vc_elements.css
[Wed, 30 May 2018 10:39:21 +0000] [/wp-content/themes/thegem-child/RoundedElegance-Regular/%E2%80%8Brounded_elegance-webfont.woff2] [https://www.krushdigital.co.uk/] is_file_for_minification: true for file wp-content/themes/thegem/css/thegem-vc_elements.css path /home/krushdig/public_html/wp-content/themes/thegem/css/thegem-vc_elements.css
[Wed, 30 May 2018 10:39:21 +0000] [/wp-content/themes/thegem-child/RoundedElegance-Regular/%E2%80%8Brounded_elegance-webfont.woff2] [https://www.krushdigital.co.uk/] adding https://www.krushdigital.co.uk/wp-content/plugins/contact-form-7/includes/css/styles.css
[Wed, 30 May 2018 10:39:21 +0000] [/wp-content/themes/thegem-child/RoundedElegance-Regular/%E2%80%8Brounded_elegance-webfont.woff2] [https://www.krushdigital.co.uk/] is_file_for_minification: true for file wp-content/plugins/contact-form-7/includes/css/styles.css path /home/krushdig/public_html/wp-content/plugins/contact-form-7/includes/css/styles.css
[Wed, 30 May 2018 10:39:21 +0000] [/wp-content/themes/thegem-child/RoundedElegance-Regular/%E2%80%8Brounded_elegance-webfont.woff2] [https://www.krushdigital.co.uk/] adding https://www.krushdigital.co.uk/wp-content/plugins/revslider/public/assets/css/settings.css
[Wed, 30 May 2018 10:39:21 +0000] [/wp-content/themes/thegem-child/RoundedElegance-Regular/%E2%80%8Brounded_elegance-webfont.woff2] [https://www.krushdigital.co.uk/] is_file_for_minification: true for file wp-content/plugins/revslider/public/assets/css/settings.css path /home/krushdig/public_html/wp-content/plugins/revslider/public/assets/css/settings.css
[Wed, 30 May 2018 10:39:21 +0000] [/wp-content/themes/thegem-child/RoundedElegance-Regular/%E2%80%8Brounded_elegance-webfont.woff2] [https://www.krushdigital.co.uk/] adding https://www.krushdigital.co.uk/wp-content/themes/thegem/style.css
[Wed, 30 May 2018 10:39:21 +0000] [/wp-content/themes/thegem-child/RoundedElegance-Regular/%E2%80%8Brounded_elegance-webfont.woff2] [https://www.krushdigital.co.uk/] is_file_for_minification: true for file wp-content/themes/thegem/style.css path /home/krushdig/public_html/wp-content/themes/thegem/style.css
[Wed, 30 May 2018 10:39:21 +0000] [/wp-content/themes/thegem-child/RoundedElegance-Regular/%E2%80%8Brounded_elegance-webfont.woff2] [https://www.krushdigital.co.uk/] adding //www.krushdigital.co.uk/wp-content/uploads/pum/pum-site-styles.css?generated=1526708237&#038;ver=1.7.19
[Wed, 30 May 2018 10:39:21 +0000] [/wp-content/themes/thegem-child/RoundedElegance-Regular/%E2%80%8Brounded_elegance-webfont.woff2] [https://www.krushdigital.co.uk/] is_file_for_minification: true for file wp-content/uploads/pum/pum-site-styles.css path /home/krushdig/public_html/wp-content/uploads/pum/pum-site-styles.css
[Wed, 30 May 2018 10:39:21 +0000] [/wp-content/themes/thegem-child/RoundedElegance-Regular/%E2%80%8Brounded_elegance-webfont.woff2] [https://www.krushdigital.co.uk/] adding https://www.krushdigital.co.uk/wp-content/themes/thegem/css/thegem-preloader.css
[Wed, 30 May 2018 10:39:21 +0000] [/wp-content/themes/thegem-child/RoundedElegance-Regular/%E2%80%8Brounded_elegance-webfont.woff2] [https://www.krushdigital.co.uk/] is_file_for_minification: true for file wp-content/themes/thegem/css/thegem-preloader.css path /home/krushdig/public_html/wp-content/themes/thegem/css/thegem-preloader.css
[Wed, 30 May 2018 10:39:21 +0000] [/wp-content/themes/thegem-child/RoundedElegance-Regular/%E2%80%8Brounded_elegance-webfont.woff2] [https://www.krushdigital.co.uk/] adding https://www.krushdigital.co.uk/wp-content/themes/thegem/css/thegem-reset.css
[Wed, 30 May 2018 10:39:21 +0000] [/wp-content/themes/thegem-child/RoundedElegance-Regular/%E2%80%8Brounded_elegance-webfont.woff2] [https://www.krushdigital.co.uk/] is_file_for_minification: true for file wp-content/themes/thegem/css/thegem-reset.css path /home/krushdig/public_html/wp-content/themes/thegem/css/thegem-reset.css
[Wed, 30 May 2018 10:39:21 +0000] [/wp-content/themes/thegem-child/RoundedElegance-Regular/%E2%80%8Brounded_elegance-webfont.woff2] [https://www.krushdigital.co.uk/] adding https://www.krushdigital.co.uk/wp-content/themes/thegem/css/thegem-grid.css
[Wed, 30 May 2018 10:39:21 +0000] [/wp-content/themes/thegem-child/RoundedElegance-Regular/%E2%80%8Brounded_elegance-webfont.woff2] [https://www.krushdigital.co.uk/] is_file_for_minification: true for file wp-content/themes/thegem/css/thegem-grid.css path /home/krushdig/public_html/wp-content/themes/thegem/css/thegem-grid.css
[Wed, 30 May 2018 10:39:21 +0000] [/wp-content/themes/thegem-child/RoundedElegance-Regular/%E2%80%8Brounded_elegance-webfont.woff2] [https://www.krushdigital.co.uk/] adding https://www.krushdigital.co.uk/wp-content/themes/thegem/style.css
[Wed, 30 May 2018 10:39:21 +0000] [/wp-content/themes/thegem-child/RoundedElegance-Regular/%E2%80%8Brounded_elegance-webfont.woff2] [https://www.krushdigital.co.uk/] is_file_for_minification: true for file wp-content/themes/thegem/style.css path /home/krushdig/public_html/wp-content/themes/thegem/style.css
[Wed, 30 May 2018 10:39:21 +0000] [/wp-content/themes/thegem-child/RoundedElegance-Regular/%E2%80%8Brounded_elegance-webfont.woff2] [https://www.krushdigital.co.uk/] adding https://www.krushdigital.co.uk/wp-content/themes/thegem-child/style.css
[Wed, 30 May 2018 10:39:21 +0000] [/wp-content/themes/thegem-child/RoundedElegance-Regular/%E2%80%8Brounded_elegance-webfont.woff2] [https://www.krushdigital.co.uk/] is_file_for_minification: true for file wp-content/themes/thegem-child/style.css path /home/krushdig/public_html/wp-content/themes/thegem-child/style.css
[Wed, 30 May 2018 10:39:21 +0000] [/wp-content/themes/thegem-child/RoundedElegance-Regular/%E2%80%8Brounded_elegance-webfont.woff2] [https://www.krushdigital.co.uk/] adding https://www.krushdigital.co.uk/wp-content/themes/thegem/css/thegem-header.css
[Wed, 30 May 2018 10:39:21 +0000] [/wp-content/themes/thegem-child/RoundedElegance-Regular/%E2%80%8Brounded_elegance-webfont.woff2] [https://www.krushdigital.co.uk/] is_file_for_minification: true for file wp-content/themes/thegem/css/thegem-header.css path /home/krushdig/public_html/wp-content/themes/thegem/css/thegem-header.css
[Wed, 30 May 2018 10:39:21 +0000] [/wp-content/themes/thegem-child/RoundedElegance-Regular/%E2%80%8Brounded_elegance-webfont.woff2] [https://www.krushdigital.co.uk/] adding https://www.krushdigital.co.uk/wp-content/themes/thegem/css/thegem-widgets.css
[Wed, 30 May 2018 10:39:21 +0000] [/wp-content/themes/thegem-child/RoundedElegance-Regular/%E2%80%8Brounded_elegance-webfont.woff2] [https://www.krushdigital.co.uk/] is_file_for_minification: true for file wp-content/themes/thegem/css/thegem-widgets.css path /home/krushdig/public_html/wp-content/themes/thegem/css/thegem-widgets.css
[Wed, 30 May 2018 10:39:21 +0000] [/wp-content/themes/thegem-child/RoundedElegance-Regular/%E2%80%8Brounded_elegance-webfont.woff2] [https://www.krushdigital.co.uk/] adding https://www.krushdigital.co.uk/wp-content/themes/thegem/css/thegem-new-css.css
[Wed, 30 May 2018 10:39:21 +0000] [/wp-content/themes/thegem-child/RoundedElegance-Regular/%E2%80%8Brounded_elegance-webfont.woff2] [https://www.krushdigital.co.uk/] is_file_for_minification: true for file wp-content/themes/thegem/css/thegem-new-css.css path /home/krushdig/public_html/wp-content/themes/thegem/css/thegem-new-css.css
[Wed, 30 May 2018 10:39:21 +0000] [/wp-content/themes/thegem-child/RoundedElegance-Regular/%E2%80%8Brounded_elegance-webfont.woff2] [https://www.krushdigital.co.uk/] adding https://www.krushdigital.co.uk/wp-content/themes/thegem/css/thegem-perevazka-css.css
[Wed, 30 May 2018 10:39:21 +0000] [/wp-content/themes/thegem-child/RoundedElegance-Regular/%E2%80%8Brounded_elegance-webfont.woff2] [https://www.krushdigital.co.uk/] is_file_for_minification: true for file wp-content/themes/thegem/css/thegem-perevazka-css.css path /home/krushdig/public_html/wp-content/themes/thegem/css/thegem-perevazka-css.css
[Wed, 30 May 2018 10:39:21 +0000] [/wp-content/themes/thegem-child/RoundedElegance-Regular/%E2%80%8Brounded_elegance-webfont.woff2] [https://www.krushdigital.co.uk/] adding //fonts.googleapis.com/css?family=Montserrat%3A700%2Cregular%7CSource+Sans+Pro%3Aregular%2C300&#038;subset=latin%2Clatin-ext%2Cvietnamese%2Cgreek-ext%2Ccyrillic-ext%2Ccyrillic%2Cgreek&#038;ver=4.9.6
[Wed, 30 May 2018 10:39:21 +0000] [/wp-content/themes/thegem-child/RoundedElegance-Regular/%E2%80%8Brounded_elegance-webfont.woff2] [https://www.krushdigital.co.uk/] is_file_for_minification: external not whitelisted url //fonts.googleapis.com/css?family=Montserrat%3A700%2Cregular%7CSource+Sans+Pro%3Aregular%2C300&#038;subset=latin%2Clatin-ext%2Cvietnamese%2Cgreek-ext%2Ccyrillic-ext%2Ccyrillic%2Cgreek&#038;ver=4.9.6
[Wed, 30 May 2018 10:39:21 +0000] [/wp-content/themes/thegem-child/RoundedElegance-Regular/%E2%80%8Brounded_elegance-webfont.woff2] [https://www.krushdigital.co.uk/] adding https://www.krushdigital.co.uk/wp-content/themes/thegem/css/custom.css
[Wed, 30 May 2018 10:39:21 +0000] [/wp-content/themes/thegem-child/RoundedElegance-Regular/%E2%80%8Brounded_elegance-webfont.woff2] [https://www.krushdigital.co.uk/] is_file_for_minification: true for file wp-content/themes/thegem/css/custom.css path /home/krushdig/public_html/wp-content/themes/thegem/css/custom.css
[Wed, 30 May 2018 10:39:21 +0000] [/wp-content/themes/thegem-child/RoundedElegance-Regular/%E2%80%8Brounded_elegance-webfont.woff2] [https://www.krushdigital.co.uk/] adding https://www.krushdigital.co.uk/wp-content/plugins/js_composer/assets/css/js_composer.min.css
[Wed, 30 May 2018 10:39:21 +0000] [/wp-content/themes/thegem-child/RoundedElegance-Regular/%E2%80%8Brounded_elegance-webfont.woff2] [https://www.krushdigital.co.uk/] is_file_for_minification: true for file wp-content/plugins/js_composer/assets/css/js_composer.min.css path /home/krushdig/public_html/wp-content/plugins/js_composer/assets/css/js_composer.min.css
[Wed, 30 May 2018 10:39:21 +0000] [/wp-content/themes/thegem-child/RoundedElegance-Regular/%E2%80%8Brounded_elegance-webfont.woff2] [https://www.krushdigital.co.uk/] adding https://www.krushdigital.co.uk/wp-content/themes/thegem/css/thegem-additional-blog-1.css
[Wed, 30 May 2018 10:39:21 +0000] [/wp-content/themes/thegem-child/RoundedElegance-Regular/%E2%80%8Brounded_elegance-webfont.woff2] [https://www.krushdigital.co.uk/] is_file_for_minification: true for file wp-content/themes/thegem/css/thegem-additional-blog-1.css path /home/krushdig/public_html/wp-content/themes/thegem/css/thegem-additional-blog-1.css
[Wed, 30 May 2018 10:39:21 +0000] [/wp-content/themes/thegem-child/RoundedElegance-Regular/%E2%80%8Brounded_elegance-webfont.woff2] [https://www.krushdigital.co.uk/] adding https://www.krushdigital.co.uk/wp-content/themes/thegem/css/thegem-hovers.css
[Wed, 30 May 2018 10:39:21 +0000] [/wp-content/themes/thegem-child/RoundedElegance-Regular/%E2%80%8Brounded_elegance-webfont.woff2] [https://www.krushdigital.co.uk/] is_file_for_minification: true for file wp-content/themes/thegem/css/thegem-hovers.css path /home/krushdig/public_html/wp-content/themes/thegem/css/thegem-hovers.css
[Wed, 30 May 2018 10:39:21 +0000] [/wp-content/themes/thegem-child/RoundedElegance-Regular/%E2%80%8Brounded_elegance-webfont.woff2] [https://www.krushdigital.co.uk/] adding https://www.krushdigital.co.uk/wp-content/themes/thegem/css/thegem-lazy-loading-animations.css
[Wed, 30 May 2018 10:39:21 +0000] [/wp-content/themes/thegem-child/RoundedElegance-Regular/%E2%80%8Brounded_elegance-webfont.woff2] [https://www.krushdigital.co.uk/] is_file_for_minification: true for file wp-content/themes/thegem/css/thegem-lazy-loading-animations.css path /home/krushdig/public_html/wp-content/themes/thegem/css/thegem-lazy-loading-animations.css
[Wed, 30 May 2018 10:39:21 +0000] [/wp-content/themes/thegem-child/RoundedElegance-Regular/%E2%80%8Brounded_elegance-webfont.woff2] [https://www.krushdigital.co.uk/] adding https://www.krushdigital.co.uk/wp-content/themes/thegem/js/fancyBox/jquery.fancybox.min.css
[Wed, 30 May 2018 10:39:21 +0000] [/wp-content/themes/thegem-child/RoundedElegance-Regular/%E2%80%8Brounded_elegance-webfont.woff2] [https://www.krushdigital.co.uk/] is_file_for_minification: true for file wp-content/themes/thegem/js/fancyBox/jquery.fancybox.min.css path /home/krushdig/public_html/wp-content/themes/thegem/js/fancyBox/jquery.fancybox.min.css
[Wed, 30 May 2018 10:39:21 +0000] [/wp-content/themes/thegem-child/RoundedElegance-Regular/%E2%80%8Brounded_elegance-webfont.woff2] [https://www.krushdigital.co.uk/] adding https://www.krushdigital.co.uk/wp-content/themes/thegem/css/thegem-vc_elements.css
[Wed, 30 May 2018 10:39:21 +0000] [/wp-content/themes/thegem-child/RoundedElegance-Regular/%E2%80%8Brounded_elegance-webfont.woff2] [https://www.krushdigital.co.uk/] is_file_for_minification: true for file wp-content/themes/thegem/css/thegem-vc_elements.css path /home/krushdig/public_html/wp-content/themes/thegem/css/thegem-vc_elements.css
[Wed, 30 May 2018 10:39:21 +0000] [/wp-content/themes/thegem-child/RoundedElegance-Regular/%E2%80%8Brounded_elegance-webfont.woff2] [https://www.krushdigital.co.uk/] adding https://www.krushdigital.co.uk/wp-content/plugins/contact-form-7/includes/css/styles.css
[Wed, 30 May 2018 10:39:21 +0000] [/wp-content/themes/thegem-child/RoundedElegance-Regular/%E2%80%8Brounded_elegance-webfont.woff2] [https://www.krushdigital.co.uk/] is_file_for_minification: true for file wp-content/plugins/contact-form-7/includes/css/styles.css path /home/krushdig/public_html/wp-content/plugins/contact-form-7/includes/css/styles.css
[Wed, 30 May 2018 10:39:21 +0000] [/wp-content/themes/thegem-child/RoundedElegance-Regular/%E2%80%8Brounded_elegance-webfont.woff2] [https://www.krushdigital.co.uk/] adding https://www.krushdigital.co.uk/wp-content/plugins/revslider/public/assets/css/settings.css
[Wed, 30 May 2018 10:39:21 +0000] [/wp-content/themes/thegem-child/RoundedElegance-Regular/%E2%80%8Brounded_elegance-webfont.woff2] [https://www.krushdigital.co.uk/] is_file_for_minification: true for file wp-content/plugins/revslider/public/assets/css/settings.css path /home/krushdig/public_html/wp-content/plugins/revslider/public/assets/css/settings.css
[Wed, 30 May 2018 10:39:21 +0000] [/wp-content/themes/thegem-child/RoundedElegance-Regular/%E2%80%8Brounded_elegance-webfont.woff2] [https://www.krushdigital.co.uk/] adding https://www.krushdigital.co.uk/wp-content/themes/thegem/style.css
[Wed, 30 May 2018 10:39:21 +0000] [/wp-content/themes/thegem-child/RoundedElegance-Regular/%E2%80%8Brounded_elegance-webfont.woff2] [https://www.krushdigital.co.uk/] is_file_for_minification: true for file wp-content/themes/thegem/style.css path /home/krushdig/public_html/wp-content/themes/thegem/style.css
[Wed, 30 May 2018 10:39:21 +0000] [/wp-content/themes/thegem-child/RoundedElegance-Regular/%E2%80%8Brounded_elegance-webfont.woff2] [https://www.krushdigital.co.uk/] adding //www.krushdigital.co.uk/wp-content/uploads/pum/pum-site-styles.css?generated=1526708237&#038;ver=1.7.19
[Wed, 30 May 2018 10:39:21 +0000] [/wp-content/themes/thegem-child/RoundedElegance-Regular/%E2%80%8Brounded_elegance-webfont.woff2] [https://www.krushdigital.co.uk/] is_file_for_minification: true for file wp-content/uploads/pum/pum-site-styles.css path /home/krushdig/public_html/wp-content/uploads/pum/pum-site-styles.css
